Using pre-set license
Built from '2022.1/staging' branch; Version is '2022.1.23f1 (9636b062134a) revision 9844400'; Using compiler version '192829333'; Build Type 'Release'
OS: 'Windows 10  (10.0.19044) 64bit CoreSingleLanguage' Language: 'pt' Physical Memory: 16315 MB
BatchMode: 1, IsHumanControllingUs: 0, StartBugReporterOnCrash: 0, Is64bit: 1, IsPro: 1

COMMAND LINE ARGUMENTS:
C:\Program Files\Unity\Hub\Editor\2022.1.23f1\Editor\Unity.exe
-adb2
-batchMode
-noUpm
-name
AssetImportWorker5
-projectPath
D:/Projetos Unity/Pinguin-game/Pingu
-logFile
Logs/AssetImportWorker5.log
-srvPort
60236
Successfully changed project path to: D:/Projetos Unity/Pinguin-game/Pingu
D:/Projetos Unity/Pinguin-game/Pingu
[UnityMemory] Configuration Parameters - Can be set up in boot.config
    "memorysetup-bucket-allocator-granularity=16"
    "memorysetup-bucket-allocator-bucket-count=8"
    "memorysetup-bucket-allocator-block-size=33554432"
    "memorysetup-bucket-allocator-block-count=8"
    "memorysetup-main-allocator-block-size=16777216"
    "memorysetup-thread-allocator-block-size=16777216"
    "memorysetup-gfx-main-allocator-block-size=16777216"
    "memorysetup-gfx-thread-allocator-block-size=16777216"
    "memorysetup-cache-allocator-block-size=4194304"
    "memorysetup-typetree-allocator-block-size=2097152"
    "memorysetup-profiler-bucket-allocator-granularity=16"
    "memorysetup-profiler-bucket-allocator-bucket-count=8"
    "memorysetup-profiler-bucket-allocator-block-size=33554432"
    "memorysetup-profiler-bucket-allocator-block-count=8"
    "memorysetup-profiler-allocator-block-size=16777216"
    "memorysetup-profiler-editor-allocator-block-size=1048576"
    "memorysetup-temp-allocator-size-main=16777216"
    "memorysetup-job-temp-allocator-block-size=2097152"
    "memorysetup-job-temp-allocator-block-size-background=1048576"
    "memorysetup-job-temp-allocator-reduction-small-platforms=262144"
    "memorysetup-temp-allocator-size-background-worker=32768"
    "memorysetup-temp-allocator-size-job-worker=262144"
    "memorysetup-temp-allocator-size-preload-manager=33554432"
    "memorysetup-temp-allocator-size-nav-mesh-worker=65536"
    "memorysetup-temp-allocator-size-audio-worker=65536"
    "memorysetup-temp-allocator-size-cloud-worker=32768"
    "memorysetup-temp-allocator-size-gi-baking-worker=262144"
    "memorysetup-temp-allocator-size-gfx=262144"
Refreshing native plugins compatible for Editor in 94.56 ms, found 3 plugins.
Preloading 0 native plugins for Editor in 0.00 ms.
Initialize engine version: 2022.1.23f1 (9636b062134a)
[Subsystems] Discovering subsystems at path C:/Program Files/Unity/Hub/Editor/2022.1.23f1/Editor/Data/Resources/UnitySubsystems
[Subsystems] Discovering subsystems at path D:/Projetos Unity/Pinguin-game/Pingu/Assets
GfxDevice: creating device client; threaded=0; jobified=0
Direct3D:
    Version:  Direct3D 11.0 [level 11.1]
    Renderer: Radeon RX 580 Series (ID=0x67df)
    Vendor:   ATI
    VRAM:     8170 MB
    Driver:   30.0.15021.11005
Initialize mono
Mono path[0] = 'C:/Program Files/Unity/Hub/Editor/2022.1.23f1/Editor/Data/Managed'
Mono path[1] = 'C:/Program Files/Unity/Hub/Editor/2022.1.23f1/Editor/Data/MonoBleedingEdge/lib/mono/unityjit-win32'
Mono config path = 'C:/Program Files/Unity/Hub/Editor/2022.1.23f1/Editor/Data/MonoBleedingEdge/etc'
Using monoOptions --debugger-agent=transport=dt_socket,embedding=1,server=y,suspend=n,address=127.0.0.1:56388
Begin MonoManager ReloadAssembly
Registering precompiled unity dll's ...
Register platform support module: C:/Program Files/Unity/Hub/Editor/2022.1.23f1/Editor/Data/PlaybackEngines/WindowsStandaloneSupport/UnityEditor.WindowsStandalone.Extensions.dll
Registered in 0.011535 seconds.
Native extension for WindowsStandalone target not found
Refreshing native plugins compatible for Editor in 93.92 ms, found 3 plugins.
Preloading 0 native plugins for Editor in 0.00 ms.
Mono: successfully reloaded assembly
- Completed reload, in  0.765 seconds
Domain Reload Profiling:
	ReloadAssembly (766ms)
		BeginReloadAssembly (95ms)
			ExecutionOrderSort (0ms)
			DisableScriptedObjects (0ms)
			BackupInstance (0ms)
			ReleaseScriptingObjects (0ms)
			CreateAndSetChildDomain (1ms)
		EndReloadAssembly (533ms)
			LoadAssemblies (91ms)
			RebuildTransferFunctionScriptingTraits (0ms)
			SetupTypeCache (129ms)
				TypeCache.Initialize (128ms)
					TypeCache.ScanAssembly (127ms)
				ResolveRequiredComponents (1ms)
			ReleaseScriptCaches (0ms)
			RebuildScriptCaches (30ms)
			SetupLoadedEditorAssemblies (310ms)
				LogAssemblyErrors (0ms)
				InitializePlatformSupportModulesInManaged (10ms)
				SetLoadedEditorAssemblies (7ms)
				RefreshPlugins (94ms)
				BeforeProcessingInitializeOnLoad (1ms)
				ProcessInitializeOnLoadAttributes (147ms)
				ProcessInitializeOnLoadMethodAttributes (50ms)
				AfterProcessingInitializeOnLoad (0ms)
				EditorAssembliesLoaded (0ms)
			ExecutionOrderSort2 (0ms)
			AwakeInstancesAfterBackupRestoration (0ms)
Platform modules already initialized, skipping
Registering precompiled user dll's ...
Registered in 0.007084 seconds.
Begin MonoManager ReloadAssembly
Symbol file LoadedFromMemory doesn't match image D:\Projetos Unity\Pinguin-game\Pingu\Library\PackageCache\com.unity.visualscripting@1.7.8\Editor\VisualScripting.Core\Dependencies\YamlDotNet\Unity.VisualScripting.YamlDotNet.dll
Symbol file LoadedFromMemory doesn't match image D:\Projetos Unity\Pinguin-game\Pingu\Library\PackageCache\com.unity.visualscripting@1.7.8\Editor\VisualScripting.Core\Dependencies\DotNetZip\Unity.VisualScripting.IonicZip.dll
Native extension for WindowsStandalone target not found
Refreshing native plugins compatible for Editor in 0.84 ms, found 3 plugins.
Preloading 0 native plugins for Editor in 0.00 ms.
Mono: successfully reloaded assembly
- Completed reload, in  1.253 seconds
Domain Reload Profiling:
	ReloadAssembly (1254ms)
		BeginReloadAssembly (138ms)
			ExecutionOrderSort (0ms)
			DisableScriptedObjects (6ms)
			BackupInstance (0ms)
			ReleaseScriptingObjects (0ms)
			CreateAndSetChildDomain (21ms)
		EndReloadAssembly (975ms)
			LoadAssemblies (108ms)
			RebuildTransferFunctionScriptingTraits (0ms)
			SetupTypeCache (313ms)
				TypeCache.Initialize (308ms)
					TypeCache.ScanAssembly (303ms)
				ResolveRequiredComponents (6ms)
			ReleaseScriptCaches (1ms)
			RebuildScriptCaches (64ms)
			SetupLoadedEditorAssemblies (441ms)
				LogAssemblyErrors (0ms)
				InitializePlatformSupportModulesInManaged (7ms)
				SetLoadedEditorAssemblies (7ms)
				RefreshPlugins (1ms)
				BeforeProcessingInitializeOnLoad (94ms)
				ProcessInitializeOnLoadAttributes (290ms)
				ProcessInitializeOnLoadMethodAttributes (28ms)
				AfterProcessingInitializeOnLoad (14ms)
				EditorAssembliesLoaded (0ms)
			ExecutionOrderSort2 (0ms)
			AwakeInstancesAfterBackupRestoration (7ms)
Platform modules already initialized, skipping
========================================================================
Worker process is ready to serve import requests
Launched and connected shader compiler UnityShaderCompiler.exe after 0.06 seconds
Refreshing native plugins compatible for Editor in 0.67 ms, found 3 plugins.
Preloading 0 native plugins for Editor in 0.00 ms.
Unloading 3683 Unused Serialized files (Serialized files now loaded: 0)
Unloading 51 unused Assets / (1.4 MB). Loaded Objects now: 4131.
Memory consumption went from 0.56 GB to 0.56 GB.
Total: 3.697600 ms (FindLiveObjects: 0.314500 ms CreateObjectMapping: 0.096700 ms MarkObjects: 2.968200 ms  DeleteObjects: 0.317100 ms)

AssetImportParameters requested are different than current active one (requested -> active):
  custom:video-decoder-ogg-theora: a1e56fd34408186e4bbccfd4996cb3dc -> 
  custom:container-muxer-webm: aa71ff27fc2769a1b78a27578f13a17b -> 
  custom:container-demuxer-webm: 4f35f7cbe854078d1ac9338744f61a02 -> 
  custom:video-encoder-webm-vp8: eb34c28f22e8b96e1ab97ce403110664 -> 
  custom:audio-encoder-webm-vorbis: bf7c407c2cedff20999df2af8eb42d56 -> 
  custom:framework-win-MediaFoundation: 216162199b28c13a410421893ffa2e32 -> 
  custom:container-demuxer-ogg: 62fdf1f143b41e24485cea50d1cbac27 -> 
  custom:video-decoder-webm-vp8: 9c59270c3fd7afecdb556c50c9e8de78 -> 
  custom:audio-decoder-ogg-vorbis: bf7c407c2cedff20999df2af8eb42d56 -> 
========================================================================
Received Import Request.
  Time since last request: 61139.742373 seconds.
  path: Assets/Models/Scene Objects/ToolBox/textures/Case_main_opacity.jpg
  artifactKey: Guid(545de72380c126b4daca05f0ee3e83d5) Importer(815301076,1909f56bfc062723c751e8b465ee728b)
Start importing Assets/Models/Scene Objects/ToolBox/textures/Case_main_opacity.jpg using Guid(545de72380c126b4daca05f0ee3e83d5) Importer(815301076,1909f56bfc062723c751e8b465ee728b)  -> (artifact id: '4c19f7e1c6ec9a00c87f805c2c37c709') in 0.119180 seconds 
========================================================================
Received Import Request.
  Time since last request: 22.800658 seconds.
  path: Assets/Models/Scene Objects/ToolBox/textures/CargoCube_mil.mat
  artifactKey: Guid(185420b540d955248b1bcbce0e5acca2) Importer(815301076,1909f56bfc062723c751e8b465ee728b)
Start importing Assets/Models/Scene Objects/ToolBox/textures/CargoCube_mil.mat using Guid(185420b540d955248b1bcbce0e5acca2) Importer(815301076,1909f56bfc062723c751e8b465ee728b)  -> (artifact id: 'd08e4ab71addb9bb698b2090cdd42373') in 0.088194 seconds 
========================================================================
Received Import Request.
  Time since last request: 0.000037 seconds.
  path: Assets/Models/Scene Objects/ToolBox/textures/Case_glass_cyb.mat
  artifactKey: Guid(04ef3274d599eb340aefcc198bb9779f) Importer(815301076,1909f56bfc062723c751e8b465ee728b)
Start importing Assets/Models/Scene Objects/ToolBox/textures/Case_glass_cyb.mat using Guid(04ef3274d599eb340aefcc198bb9779f) Importer(815301076,1909f56bfc062723c751e8b465ee728b)  -> (artifact id: '30063cf1eb7b3a473ffb999da091b621') in 0.018697 seconds 
========================================================================
Received Import Request.
  Time since last request: 0.000041 seconds.
  path: Assets/Models/Scene Objects/ToolBox/textures/Case_main_med.mat
  artifactKey: Guid(91ba0e94e6f4f494c895fa916de5d6d9) Importer(815301076,1909f56bfc062723c751e8b465ee728b)
Start importing Assets/Models/Scene Objects/ToolBox/textures/Case_main_med.mat using Guid(91ba0e94e6f4f494c895fa916de5d6d9) Importer(815301076,1909f56bfc062723c751e8b465ee728b)  -> (artifact id: 'e82f094091b52cfe1571396c02cabbb5') in 0.019590 seconds 
========================================================================
Received Import Request.
  Time since last request: 0.000030 seconds.
  path: Assets/Models/Scene Objects/ToolBox/textures/SmallBox_cyb.mat
  artifactKey: Guid(fcb88087c5dd9d04ea63fa9c8a6c63d0) Importer(815301076,1909f56bfc062723c751e8b465ee728b)
Start importing Assets/Models/Scene Objects/ToolBox/textures/SmallBox_cyb.mat using Guid(fcb88087c5dd9d04ea63fa9c8a6c63d0) Importer(815301076,1909f56bfc062723c751e8b465ee728b)  -> (artifact id: '89fc9d57038589d0061072ef4398d9d2') in 0.018010 seconds 
========================================================================
Received Import Request.
  Time since last request: 0.000038 seconds.
  path: Assets/Models/Scene Objects/ToolBox/textures/MedBox_med.mat
  artifactKey: Guid(f18a5afcc5e3fa247a562b2f198139b9) Importer(815301076,1909f56bfc062723c751e8b465ee728b)
Start importing Assets/Models/Scene Objects/ToolBox/textures/MedBox_med.mat using Guid(f18a5afcc5e3fa247a562b2f198139b9) Importer(815301076,1909f56bfc062723c751e8b465ee728b)  -> (artifact id: '5922a514252a9b3e73373b9bee01330e') in 0.019475 seconds 
========================================================================
Received Import Request.
  Time since last request: 0.000041 seconds.
  path: Assets/Models/Scene Objects/ToolBox/textures/ToolBox_mil.mat
  artifactKey: Guid(2c51958ce7c48854e8e18da725f37954) Importer(815301076,1909f56bfc062723c751e8b465ee728b)
Start importing Assets/Models/Scene Objects/ToolBox/textures/ToolBox_mil.mat using Guid(2c51958ce7c48854e8e18da725f37954) Importer(815301076,1909f56bfc062723c751e8b465ee728b)  -> (artifact id: 'ba482e7eb2d751346b7b2b8beea73699') in 0.019278 seconds 
========================================================================
Received Import Request.
  Time since last request: 55.366205 seconds.
  path: Assets/Models/Scene Objects/ToolBox/textures/Case_main_emissive.jpg
  artifactKey: Guid(907a6c136eada8c4a9c32dd814ca7748) Importer(815301076,1909f56bfc062723c751e8b465ee728b)
Start importing Assets/Models/Scene Objects/ToolBox/textures/Case_main_emissive.jpg using Guid(907a6c136eada8c4a9c32dd814ca7748) Importer(815301076,1909f56bfc062723c751e8b465ee728b)  -> (artifact id: '52b7bf9339073d52ade4180c20cb1d23') in 0.018531 seconds 
========================================================================
Received Import Request.
  Time since last request: 0.000029 seconds.
  path: Assets/Models/Scene Objects/ToolBox/textures/MedBox_normal.png
  artifactKey: Guid(dda73bfb0c420564c8d04f30737c190b) Importer(815301076,1909f56bfc062723c751e8b465ee728b)
Start importing Assets/Models/Scene Objects/ToolBox/textures/MedBox_normal.png using Guid(dda73bfb0c420564c8d04f30737c190b) Importer(815301076,1909f56bfc062723c751e8b465ee728b)  -> (artifact id: '13367a9eb7706a68b285930b8088a8b1') in 0.076215 seconds 
========================================================================
Received Import Request.
  Time since last request: 0.000033 seconds.
  path: Assets/Models/Scene Objects/ToolBox/textures/MedBox_AO.jpg
  artifactKey: Guid(7716931d803304543a4553a8eedc6b5f) Importer(815301076,1909f56bfc062723c751e8b465ee728b)
Start importing Assets/Models/Scene Objects/ToolBox/textures/MedBox_AO.jpg using Guid(7716931d803304543a4553a8eedc6b5f) Importer(815301076,1909f56bfc062723c751e8b465ee728b)  -> (artifact id: 'ad3c5dc0d43756f8468058ca1f651c4b') in 0.017781 seconds 
========================================================================
Received Import Request.
  Time since last request: 0.000035 seconds.
  path: Assets/Models/Scene Objects/ToolBox/textures/DefaultMaterial_normal.png
  artifactKey: Guid(885eb59ccf6e7304c9d7c36ad0c31eb9) Importer(815301076,1909f56bfc062723c751e8b465ee728b)
Start importing Assets/Models/Scene Objects/ToolBox/textures/DefaultMaterial_normal.png using Guid(885eb59ccf6e7304c9d7c36ad0c31eb9) Importer(815301076,1909f56bfc062723c751e8b465ee728b)  -> (artifact id: '62fdebfd060ed64251c9e67c93d946f8') in 0.022448 seconds 
========================================================================
Received Import Request.
  Time since last request: 0.000033 seconds.
  path: Assets/Models/Scene Objects/ToolBox/textures/Case_main_opacity.jpg
  artifactKey: Guid(545de72380c126b4daca05f0ee3e83d5) Importer(815301076,1909f56bfc062723c751e8b465ee728b)
Start importing Assets/Models/Scene Objects/ToolBox/textures/Case_main_opacity.jpg using Guid(545de72380c126b4daca05f0ee3e83d5) Importer(815301076,1909f56bfc062723c751e8b465ee728b)  -> (artifact id: '4ffc410cc5e0c27a61743e64a1d5fe2e') in 0.018699 seconds 
========================================================================
Received Import Request.
  Time since last request: 0.000041 seconds.
  path: Assets/Models/Scene Objects/ToolBox/textures/Case_main_metallic.jpg
  artifactKey: Guid(7f00e65beabf6784aa401eadc8484045) Importer(815301076,1909f56bfc062723c751e8b465ee728b)
Start importing Assets/Models/Scene Objects/ToolBox/textures/Case_main_metallic.jpg using Guid(7f00e65beabf6784aa401eadc8484045) Importer(815301076,1909f56bfc062723c751e8b465ee728b)  -> (artifact id: '0471b6f60439abe9336f7a26de8dca4c') in 0.019417 seconds 
========================================================================
Received Import Request.
  Time since last request: 0.000048 seconds.
  path: Assets/Models/Scene Objects/ToolBox/textures/Case_main_roughness.jpg
  artifactKey: Guid(6c9f869a317685f448a16da8c4c7505b) Importer(815301076,1909f56bfc062723c751e8b465ee728b)
Start importing Assets/Models/Scene Objects/ToolBox/textures/Case_main_roughness.jpg using Guid(6c9f869a317685f448a16da8c4c7505b) Importer(815301076,1909f56bfc062723c751e8b465ee728b)  -> (artifact id: '1ac4d8cd1e7f780f67ba957b9fd1cb08') in 0.032767 seconds 
========================================================================
Received Import Request.
  Time since last request: 0.000025 seconds.
  path: Assets/Models/Scene Objects/ToolBox/textures/DefaultMaterial_roughness.jpg
  artifactKey: Guid(b97b13adeef805b4083a958ff4918c18) Importer(815301076,1909f56bfc062723c751e8b465ee728b)
Start importing Assets/Models/Scene Objects/ToolBox/textures/DefaultMaterial_roughness.jpg using Guid(b97b13adeef805b4083a958ff4918c18) Importer(815301076,1909f56bfc062723c751e8b465ee728b)  -> (artifact id: '3ef6b7373905e557b1e6bb611fb317be') in 0.019575 seconds 
========================================================================
Received Import Request.
  Time since last request: 0.000032 seconds.
  path: Assets/Models/Scene Objects/ToolBox/textures/DefaultMaterial_metallic.jpg
  artifactKey: Guid(fb937e06fe18ae34a8386a1596de4392) Importer(815301076,1909f56bfc062723c751e8b465ee728b)
Start importing Assets/Models/Scene Objects/ToolBox/textures/DefaultMaterial_metallic.jpg using Guid(fb937e06fe18ae34a8386a1596de4392) Importer(815301076,1909f56bfc062723c751e8b465ee728b)  -> (artifact id: 'd32a6e3671230ff7743e8239b67b45d4') in 0.019076 seconds 
========================================================================
Received Import Request.
  Time since last request: 0.000036 seconds.
  path: Assets/Models/Scene Objects/ToolBox/textures/ToolBox_roughness.jpg
  artifactKey: Guid(faad8d15257eb3a4d9b48f3446a1466c) Importer(815301076,1909f56bfc062723c751e8b465ee728b)
Start importing Assets/Models/Scene Objects/ToolBox/textures/ToolBox_roughness.jpg using Guid(faad8d15257eb3a4d9b48f3446a1466c) Importer(815301076,1909f56bfc062723c751e8b465ee728b)  -> (artifact id: 'c7b51bda683d4ceb96889c248ca6f076') in 0.019120 seconds 
========================================================================
Received Import Request.
  Time since last request: 26.683320 seconds.
  path: Assets/Models/Scene Objects/ToolBox/textures/CargoCube_mil.mat
  artifactKey: Guid(185420b540d955248b1bcbce0e5acca2) Importer(815301076,1909f56bfc062723c751e8b465ee728b)
Start importing Assets/Models/Scene Objects/ToolBox/textures/CargoCube_mil.mat using Guid(185420b540d955248b1bcbce0e5acca2) Importer(815301076,1909f56bfc062723c751e8b465ee728b)  -> (artifact id: 'fada7bac056f840998def39357a17363') in 0.279778 seconds 
Editor requested this worker to shutdown with reason: Scaling down because of idle timeout
AssetImportWorker is now disconnected from the server
Process exiting
Exiting without the bug reporter. Application will terminate with return code 0