Using pre-set license
Built from '2022.1/staging' branch; Version is '2022.1.23f1 (9636b062134a) revision 9844400'; Using compiler version '192829333'; Build Type 'Release'
OS: 'Windows 10  (10.0.19044) 64bit CoreSingleLanguage' Language: 'pt' Physical Memory: 16315 MB
BatchMode: 1, IsHumanControllingUs: 0, StartBugReporterOnCrash: 0, Is64bit: 1, IsPro: 1

COMMAND LINE ARGUMENTS:
C:\Program Files\Unity\Hub\Editor\2022.1.23f1\Editor\Unity.exe
-adb2
-batchMode
-noUpm
-name
AssetImportWorker9
-projectPath
D:/Projetos Unity/Pinguin-game/Pingu
-logFile
Logs/AssetImportWorker9.log
-srvPort
60236
Successfully changed project path to: D:/Projetos Unity/Pinguin-game/Pingu
D:/Projetos Unity/Pinguin-game/Pingu
[UnityMemory] Configuration Parameters - Can be set up in boot.config
    "memorysetup-bucket-allocator-granularity=16"
    "memorysetup-bucket-allocator-bucket-count=8"
    "memorysetup-bucket-allocator-block-size=33554432"
    "memorysetup-bucket-allocator-block-count=8"
    "memorysetup-main-allocator-block-size=16777216"
    "memorysetup-thread-allocator-block-size=16777216"
    "memorysetup-gfx-main-allocator-block-size=16777216"
    "memorysetup-gfx-thread-allocator-block-size=16777216"
    "memorysetup-cache-allocator-block-size=4194304"
    "memorysetup-typetree-allocator-block-size=2097152"
    "memorysetup-profiler-bucket-allocator-granularity=16"
    "memorysetup-profiler-bucket-allocator-bucket-count=8"
    "memorysetup-profiler-bucket-allocator-block-size=33554432"
    "memorysetup-profiler-bucket-allocator-block-count=8"
    "memorysetup-profiler-allocator-block-size=16777216"
    "memorysetup-profiler-editor-allocator-block-size=1048576"
    "memorysetup-temp-allocator-size-main=16777216"
    "memorysetup-job-temp-allocator-block-size=2097152"
    "memorysetup-job-temp-allocator-block-size-background=1048576"
    "memorysetup-job-temp-allocator-reduction-small-platforms=262144"
    "memorysetup-temp-allocator-size-background-worker=32768"
    "memorysetup-temp-allocator-size-job-worker=262144"
    "memorysetup-temp-allocator-size-preload-manager=33554432"
    "memorysetup-temp-allocator-size-nav-mesh-worker=65536"
    "memorysetup-temp-allocator-size-audio-worker=65536"
    "memorysetup-temp-allocator-size-cloud-worker=32768"
    "memorysetup-temp-allocator-size-gi-baking-worker=262144"
    "memorysetup-temp-allocator-size-gfx=262144"
Refreshing native plugins compatible for Editor in 96.59 ms, found 3 plugins.
Preloading 0 native plugins for Editor in 0.00 ms.
Initialize engine version: 2022.1.23f1 (9636b062134a)
[Subsystems] Discovering subsystems at path C:/Program Files/Unity/Hub/Editor/2022.1.23f1/Editor/Data/Resources/UnitySubsystems
[Subsystems] Discovering subsystems at path D:/Projetos Unity/Pinguin-game/Pingu/Assets
GfxDevice: creating device client; threaded=0; jobified=0
Direct3D:
    Version:  Direct3D 11.0 [level 11.1]
    Renderer: Radeon RX 580 Series (ID=0x67df)
    Vendor:   ATI
    VRAM:     8170 MB
    Driver:   30.0.15021.11005
Initialize mono
Mono path[0] = 'C:/Program Files/Unity/Hub/Editor/2022.1.23f1/Editor/Data/Managed'
Mono path[1] = 'C:/Program Files/Unity/Hub/Editor/2022.1.23f1/Editor/Data/MonoBleedingEdge/lib/mono/unityjit-win32'
Mono config path = 'C:/Program Files/Unity/Hub/Editor/2022.1.23f1/Editor/Data/MonoBleedingEdge/etc'
Using monoOptions --debugger-agent=transport=dt_socket,embedding=1,server=y,suspend=n,address=127.0.0.1:56892
Begin MonoManager ReloadAssembly
Registering precompiled unity dll's ...
Register platform support module: C:/Program Files/Unity/Hub/Editor/2022.1.23f1/Editor/Data/PlaybackEngines/WindowsStandaloneSupport/UnityEditor.WindowsStandalone.Extensions.dll
Registered in 0.010910 seconds.
Native extension for WindowsStandalone target not found
Refreshing native plugins compatible for Editor in 92.79 ms, found 3 plugins.
Preloading 0 native plugins for Editor in 0.00 ms.
Mono: successfully reloaded assembly
- Completed reload, in  0.756 seconds
Domain Reload Profiling:
	ReloadAssembly (756ms)
		BeginReloadAssembly (92ms)
			ExecutionOrderSort (0ms)
			DisableScriptedObjects (0ms)
			BackupInstance (0ms)
			ReleaseScriptingObjects (0ms)
			CreateAndSetChildDomain (1ms)
		EndReloadAssembly (526ms)
			LoadAssemblies (88ms)
			RebuildTransferFunctionScriptingTraits (0ms)
			SetupTypeCache (125ms)
				TypeCache.Initialize (124ms)
					TypeCache.ScanAssembly (123ms)
				ResolveRequiredComponents (1ms)
			ReleaseScriptCaches (0ms)
			RebuildScriptCaches (30ms)
			SetupLoadedEditorAssemblies (308ms)
				LogAssemblyErrors (0ms)
				InitializePlatformSupportModulesInManaged (10ms)
				SetLoadedEditorAssemblies (7ms)
				RefreshPlugins (93ms)
				BeforeProcessingInitializeOnLoad (1ms)
				ProcessInitializeOnLoadAttributes (146ms)
				ProcessInitializeOnLoadMethodAttributes (50ms)
				AfterProcessingInitializeOnLoad (0ms)
				EditorAssembliesLoaded (0ms)
			ExecutionOrderSort2 (0ms)
			AwakeInstancesAfterBackupRestoration (0ms)
Platform modules already initialized, skipping
Registering precompiled user dll's ...
Registered in 0.007169 seconds.
Begin MonoManager ReloadAssembly
Symbol file LoadedFromMemory doesn't match image D:\Projetos Unity\Pinguin-game\Pingu\Library\PackageCache\com.unity.visualscripting@1.7.8\Editor\VisualScripting.Core\Dependencies\YamlDotNet\Unity.VisualScripting.YamlDotNet.dll
Symbol file LoadedFromMemory doesn't match image D:\Projetos Unity\Pinguin-game\Pingu\Library\PackageCache\com.unity.visualscripting@1.7.8\Editor\VisualScripting.Core\Dependencies\DotNetZip\Unity.VisualScripting.IonicZip.dll
Native extension for WindowsStandalone target not found
Refreshing native plugins compatible for Editor in 1.23 ms, found 3 plugins.
Preloading 0 native plugins for Editor in 0.00 ms.
Mono: successfully reloaded assembly
- Completed reload, in  1.266 seconds
Domain Reload Profiling:
	ReloadAssembly (1267ms)
		BeginReloadAssembly (135ms)
			ExecutionOrderSort (0ms)
			DisableScriptedObjects (6ms)
			BackupInstance (0ms)
			ReleaseScriptingObjects (0ms)
			CreateAndSetChildDomain (20ms)
		EndReloadAssembly (984ms)
			LoadAssemblies (108ms)
			RebuildTransferFunctionScriptingTraits (0ms)
			SetupTypeCache (314ms)
				TypeCache.Initialize (309ms)
					TypeCache.ScanAssembly (304ms)
				ResolveRequiredComponents (6ms)
			ReleaseScriptCaches (1ms)
			RebuildScriptCaches (65ms)
			SetupLoadedEditorAssemblies (447ms)
				LogAssemblyErrors (0ms)
				InitializePlatformSupportModulesInManaged (7ms)
				SetLoadedEditorAssemblies (7ms)
				RefreshPlugins (1ms)
				BeforeProcessingInitializeOnLoad (97ms)
				ProcessInitializeOnLoadAttributes (293ms)
				ProcessInitializeOnLoadMethodAttributes (28ms)
				AfterProcessingInitializeOnLoad (13ms)
				EditorAssembliesLoaded (0ms)
			ExecutionOrderSort2 (0ms)
			AwakeInstancesAfterBackupRestoration (7ms)
Platform modules already initialized, skipping
========================================================================
Worker process is ready to serve import requests
Launched and connected shader compiler UnityShaderCompiler.exe after 0.05 seconds
Refreshing native plugins compatible for Editor in 0.71 ms, found 3 plugins.
Preloading 0 native plugins for Editor in 0.00 ms.
Unloading 3683 Unused Serialized files (Serialized files now loaded: 0)
Unloading 51 unused Assets / (1.4 MB). Loaded Objects now: 4131.
Memory consumption went from 0.56 GB to 0.56 GB.
Total: 4.218000 ms (FindLiveObjects: 0.335500 ms CreateObjectMapping: 0.099100 ms MarkObjects: 3.437700 ms  DeleteObjects: 0.344600 ms)

AssetImportParameters requested are different than current active one (requested -> active):
  custom:video-decoder-ogg-theora: a1e56fd34408186e4bbccfd4996cb3dc -> 
  custom:container-muxer-webm: aa71ff27fc2769a1b78a27578f13a17b -> 
  custom:container-demuxer-webm: 4f35f7cbe854078d1ac9338744f61a02 -> 
  custom:video-encoder-webm-vp8: eb34c28f22e8b96e1ab97ce403110664 -> 
  custom:audio-encoder-webm-vorbis: bf7c407c2cedff20999df2af8eb42d56 -> 
  custom:framework-win-MediaFoundation: 216162199b28c13a410421893ffa2e32 -> 
  custom:container-demuxer-ogg: 62fdf1f143b41e24485cea50d1cbac27 -> 
  custom:video-decoder-webm-vp8: 9c59270c3fd7afecdb556c50c9e8de78 -> 
  custom:audio-decoder-ogg-vorbis: bf7c407c2cedff20999df2af8eb42d56 -> 
========================================================================
Received Import Request.
  Time since last request: 61996.199425 seconds.
  path: Assets/Models/Scene Objects/OpenContender
  artifactKey: Guid(36ff29ba1e5e74745b5f7162d21908d9) Importer(815301076,1909f56bfc062723c751e8b465ee728b)
Start importing Assets/Models/Scene Objects/OpenContender using Guid(36ff29ba1e5e74745b5f7162d21908d9) Importer(815301076,1909f56bfc062723c751e8b465ee728b)  -> (artifact id: 'f1bf0fe93cda2829cb4773c666e5372d') in 0.008094 seconds 
========================================================================
Received Import Request.
  Time since last request: 38.100376 seconds.
  path: Assets/Models/Scene Objects/OpenContender/model.dae
  artifactKey: Guid(5c9ef973df8d0174399f673ce11e090b) Importer(815301076,1909f56bfc062723c751e8b465ee728b)
Start importing Assets/Models/Scene Objects/OpenContender/model.dae using Guid(5c9ef973df8d0174399f673ce11e090b) Importer(815301076,1909f56bfc062723c751e8b465ee728b)  -> (artifact id: '8c2e97751d51a17c1a431190e5d71e00') in 0.181998 seconds 
========================================================================
Received Import Request.
  Time since last request: 9.664604 seconds.
  path: Assets/Models/Scene Objects/OpenContender/OpenContender.dae
  artifactKey: Guid(5c9ef973df8d0174399f673ce11e090b) Importer(815301076,1909f56bfc062723c751e8b465ee728b)
Start importing Assets/Models/Scene Objects/OpenContender/OpenContender.dae using Guid(5c9ef973df8d0174399f673ce11e090b) Importer(815301076,1909f56bfc062723c751e8b465ee728b)  -> (artifact id: '40ad548e71f1f39b0b360428ee564a9d') in 0.027815 seconds 
========================================================================
Received Import Request.
  Time since last request: 7.444496 seconds.
  path: Assets/Models/Scene Objects/OpenContender/OpenContender.dae
  artifactKey: Guid(5c9ef973df8d0174399f673ce11e090b) Importer(815301076,1909f56bfc062723c751e8b465ee728b)
Start importing Assets/Models/Scene Objects/OpenContender/OpenContender.dae using Guid(5c9ef973df8d0174399f673ce11e090b) Importer(815301076,1909f56bfc062723c751e8b465ee728b)  -> (artifact id: 'd6a04d7cb3591360e20866516f593317') in 0.049570 seconds 
========================================================================
Received Import Request.
  Time since last request: 5.143037 seconds.
  path: Assets/Models/Scene Objects/OpenContender/OpenContender.dae
  artifactKey: Guid(5c9ef973df8d0174399f673ce11e090b) Importer(815301076,1909f56bfc062723c751e8b465ee728b)
Start importing Assets/Models/Scene Objects/OpenContender/OpenContender.dae using Guid(5c9ef973df8d0174399f673ce11e090b) Importer(815301076,1909f56bfc062723c751e8b465ee728b)  -> (artifact id: '4fc68c55b58be2502e0c7c5cbd6299f1') in 0.025150 seconds 
========================================================================
Received Import Request.
  Time since last request: 6.025136 seconds.
  path: Assets/Models/Scene Objects/OpenContender/OpenContender.dae
  artifactKey: Guid(5c9ef973df8d0174399f673ce11e090b) Importer(815301076,1909f56bfc062723c751e8b465ee728b)
Start importing Assets/Models/Scene Objects/OpenContender/OpenContender.dae using Guid(5c9ef973df8d0174399f673ce11e090b) Importer(815301076,1909f56bfc062723c751e8b465ee728b)  -> (artifact id: 'b17c0b1b407f2751f0c7c586317bb9fa') in 0.113754 seconds 
========================================================================
Received Import Request.
  Time since last request: 0.642114 seconds.
  path: Assets/Models/Scene Objects/OpenContender/textures
  artifactKey: Guid(da025a50b61e3c54794d672f0688dd1b) Importer(815301076,1909f56bfc062723c751e8b465ee728b)
Start importing Assets/Models/Scene Objects/OpenContender/textures using Guid(da025a50b61e3c54794d672f0688dd1b) Importer(815301076,1909f56bfc062723c751e8b465ee728b)  -> (artifact id: '016f42d5dc6fe9eb053f3ac34864f481') in 0.002505 seconds 
========================================================================
Received Import Request.
  Time since last request: 0.315212 seconds.
  path: Assets/Models/Scene Objects/OpenContender/textures/BODY.mat
  artifactKey: Guid(9ecbe368eb0e098438044107ac4d0682) Importer(815301076,1909f56bfc062723c751e8b465ee728b)
Start importing Assets/Models/Scene Objects/OpenContender/textures/BODY.mat using Guid(9ecbe368eb0e098438044107ac4d0682) Importer(815301076,1909f56bfc062723c751e8b465ee728b)  -> (artifact id: 'd6e9530c2b6e5c3d415b474a62988cae') in 0.021383 seconds 
========================================================================
Received Import Request.
  Time since last request: 0.000033 seconds.
  path: Assets/Models/Scene Objects/OpenContender/textures/BODY_metallic.jpg
  artifactKey: Guid(8076d03096421fc4aadbb6a0303473e5) Importer(815301076,1909f56bfc062723c751e8b465ee728b)
Start importing Assets/Models/Scene Objects/OpenContender/textures/BODY_metallic.jpg using Guid(8076d03096421fc4aadbb6a0303473e5) Importer(815301076,1909f56bfc062723c751e8b465ee728b)  -> (artifact id: '7ea695ff9c4356ff7a89a6c4cad656c3') in 0.048779 seconds 
========================================================================
Received Import Request.
  Time since last request: 0.000035 seconds.
  path: Assets/Models/Scene Objects/OpenContender/textures/BODY_AO.jpg
  artifactKey: Guid(1ae3a661208b20e44b7780af08277bc1) Importer(815301076,1909f56bfc062723c751e8b465ee728b)
Start importing Assets/Models/Scene Objects/OpenContender/textures/BODY_AO.jpg using Guid(1ae3a661208b20e44b7780af08277bc1) Importer(815301076,1909f56bfc062723c751e8b465ee728b)  -> (artifact id: '8c7989ee325def2a2be31f36457800d2') in 0.019839 seconds 
========================================================================
Received Import Request.
  Time since last request: 133.427413 seconds.
  path: Assets/Models/Scene Objects/ClosedContender/textures/Material #0.mat
  artifactKey: Guid(1c74981118ea57843a73a009e4ba3ae5) Importer(815301076,1909f56bfc062723c751e8b465ee728b)
Start importing Assets/Models/Scene Objects/ClosedContender/textures/Material #0.mat using Guid(1c74981118ea57843a73a009e4ba3ae5) Importer(815301076,1909f56bfc062723c751e8b465ee728b)  -> (artifact id: '3736996ac53f638e24f774c4d005a7f5') in 0.018156 seconds 
========================================================================
Received Import Request.
  Time since last request: 95.665030 seconds.
  path: Assets/Models/Scene Objects/ControlPainel/textures/control_low_1001_Emissive.png
  artifactKey: Guid(05bcb5dec37b7f0439e4c03f425f1a53) Importer(815301076,1909f56bfc062723c751e8b465ee728b)
Start importing Assets/Models/Scene Objects/ControlPainel/textures/control_low_1001_Emissive.png using Guid(05bcb5dec37b7f0439e4c03f425f1a53) Importer(815301076,1909f56bfc062723c751e8b465ee728b)  -> (artifact id: '81a0c4646176f291fcb0e4a34ad5ed4e') in 0.024814 seconds 
========================================================================
Received Import Request.
  Time since last request: 0.000046 seconds.
  path: Assets/Models/Scene Objects/ControlPainel/textures/control_low_1001_Normal.png
  artifactKey: Guid(4c759617731b3cc47ad6b308a134111a) Importer(815301076,1909f56bfc062723c751e8b465ee728b)
Start importing Assets/Models/Scene Objects/ControlPainel/textures/control_low_1001_Normal.png using Guid(4c759617731b3cc47ad6b308a134111a) Importer(815301076,1909f56bfc062723c751e8b465ee728b)  -> (artifact id: '9437776f20d603a336042fffee7645f5') in 0.028316 seconds 
========================================================================
Received Import Request.
  Time since last request: 0.000050 seconds.
  path: Assets/Models/Scene Objects/ControlPainel/textures/lambert1.mat
  artifactKey: Guid(019d9302314affa49ae734bf4410064a) Importer(815301076,1909f56bfc062723c751e8b465ee728b)
Start importing Assets/Models/Scene Objects/ControlPainel/textures/lambert1.mat using Guid(019d9302314affa49ae734bf4410064a) Importer(815301076,1909f56bfc062723c751e8b465ee728b)  -> (artifact id: 'a88ca46de8f764a18c9c29993282c8d3') in 0.018599 seconds 
Editor requested this worker to shutdown with reason: Scaling down because of idle timeout
AssetImportWorker is now disconnected from the server
Process exiting
Exiting without the bug reporter. Application will terminate with return code 0