Using pre-set license
Built from '2022.1/staging' branch; Version is '2022.1.23f1 (9636b062134a) revision 9844400'; Using compiler version '192829333'; Build Type 'Release'
OS: 'Windows 10  (10.0.19044) 64bit CoreSingleLanguage' Language: 'pt' Physical Memory: 16315 MB
BatchMode: 1, IsHumanControllingUs: 0, StartBugReporterOnCrash: 0, Is64bit: 1, IsPro: 1

COMMAND LINE ARGUMENTS:
C:\Program Files\Unity\Hub\Editor\2022.1.23f1\Editor\Unity.exe
-adb2
-batchMode
-noUpm
-name
AssetImportWorker27
-projectPath
D:/Projetos Unity/Pinguin-game/Pingu
-logFile
Logs/AssetImportWorker27.log
-srvPort
60236
Successfully changed project path to: D:/Projetos Unity/Pinguin-game/Pingu
D:/Projetos Unity/Pinguin-game/Pingu
[UnityMemory] Configuration Parameters - Can be set up in boot.config
    "memorysetup-bucket-allocator-granularity=16"
    "memorysetup-bucket-allocator-bucket-count=8"
    "memorysetup-bucket-allocator-block-size=33554432"
    "memorysetup-bucket-allocator-block-count=8"
    "memorysetup-main-allocator-block-size=16777216"
    "memorysetup-thread-allocator-block-size=16777216"
    "memorysetup-gfx-main-allocator-block-size=16777216"
    "memorysetup-gfx-thread-allocator-block-size=16777216"
    "memorysetup-cache-allocator-block-size=4194304"
    "memorysetup-typetree-allocator-block-size=2097152"
    "memorysetup-profiler-bucket-allocator-granularity=16"
    "memorysetup-profiler-bucket-allocator-bucket-count=8"
    "memorysetup-profiler-bucket-allocator-block-size=33554432"
    "memorysetup-profiler-bucket-allocator-block-count=8"
    "memorysetup-profiler-allocator-block-size=16777216"
    "memorysetup-profiler-editor-allocator-block-size=1048576"
    "memorysetup-temp-allocator-size-main=16777216"
    "memorysetup-job-temp-allocator-block-size=2097152"
    "memorysetup-job-temp-allocator-block-size-background=1048576"
    "memorysetup-job-temp-allocator-reduction-small-platforms=262144"
    "memorysetup-temp-allocator-size-background-worker=32768"
    "memorysetup-temp-allocator-size-job-worker=262144"
    "memorysetup-temp-allocator-size-preload-manager=33554432"
    "memorysetup-temp-allocator-size-nav-mesh-worker=65536"
    "memorysetup-temp-allocator-size-audio-worker=65536"
    "memorysetup-temp-allocator-size-cloud-worker=32768"
    "memorysetup-temp-allocator-size-gi-baking-worker=262144"
    "memorysetup-temp-allocator-size-gfx=262144"
Refreshing native plugins compatible for Editor in 110.53 ms, found 3 plugins.
Preloading 0 native plugins for Editor in 0.00 ms.
Initialize engine version: 2022.1.23f1 (9636b062134a)
[Subsystems] Discovering subsystems at path C:/Program Files/Unity/Hub/Editor/2022.1.23f1/Editor/Data/Resources/UnitySubsystems
[Subsystems] Discovering subsystems at path D:/Projetos Unity/Pinguin-game/Pingu/Assets
GfxDevice: creating device client; threaded=0; jobified=0
Direct3D:
    Version:  Direct3D 11.0 [level 11.1]
    Renderer: Radeon RX 580 Series (ID=0x67df)
    Vendor:   ATI
    VRAM:     8170 MB
    Driver:   30.0.15021.11005
Initialize mono
Mono path[0] = 'C:/Program Files/Unity/Hub/Editor/2022.1.23f1/Editor/Data/Managed'
Mono path[1] = 'C:/Program Files/Unity/Hub/Editor/2022.1.23f1/Editor/Data/MonoBleedingEdge/lib/mono/unityjit-win32'
Mono config path = 'C:/Program Files/Unity/Hub/Editor/2022.1.23f1/Editor/Data/MonoBleedingEdge/etc'
Using monoOptions --debugger-agent=transport=dt_socket,embedding=1,server=y,suspend=n,address=127.0.0.1:56696
Begin MonoManager ReloadAssembly
Registering precompiled unity dll's ...
Register platform support module: C:/Program Files/Unity/Hub/Editor/2022.1.23f1/Editor/Data/PlaybackEngines/WindowsStandaloneSupport/UnityEditor.WindowsStandalone.Extensions.dll
Registered in 0.012885 seconds.
Native extension for WindowsStandalone target not found
Refreshing native plugins compatible for Editor in 101.16 ms, found 3 plugins.
Preloading 0 native plugins for Editor in 0.00 ms.
Mono: successfully reloaded assembly
- Completed reload, in  0.814 seconds
Domain Reload Profiling:
	ReloadAssembly (815ms)
		BeginReloadAssembly (94ms)
			ExecutionOrderSort (0ms)
			DisableScriptedObjects (0ms)
			BackupInstance (0ms)
			ReleaseScriptingObjects (0ms)
			CreateAndSetChildDomain (1ms)
		EndReloadAssembly (572ms)
			LoadAssemblies (90ms)
			RebuildTransferFunctionScriptingTraits (0ms)
			SetupTypeCache (139ms)
				TypeCache.Initialize (138ms)
					TypeCache.ScanAssembly (136ms)
				ResolveRequiredComponents (1ms)
			ReleaseScriptCaches (0ms)
			RebuildScriptCaches (32ms)
			SetupLoadedEditorAssemblies (334ms)
				LogAssemblyErrors (0ms)
				InitializePlatformSupportModulesInManaged (10ms)
				SetLoadedEditorAssemblies (7ms)
				RefreshPlugins (101ms)
				BeforeProcessingInitializeOnLoad (1ms)
				ProcessInitializeOnLoadAttributes (159ms)
				ProcessInitializeOnLoadMethodAttributes (55ms)
				AfterProcessingInitializeOnLoad (0ms)
				EditorAssembliesLoaded (0ms)
			ExecutionOrderSort2 (0ms)
			AwakeInstancesAfterBackupRestoration (0ms)
Platform modules already initialized, skipping
Registering precompiled user dll's ...
Registered in 0.008415 seconds.
Begin MonoManager ReloadAssembly
Symbol file LoadedFromMemory doesn't match image D:\Projetos Unity\Pinguin-game\Pingu\Library\PackageCache\com.unity.visualscripting@1.7.8\Editor\VisualScripting.Core\Dependencies\YamlDotNet\Unity.VisualScripting.YamlDotNet.dll
Symbol file LoadedFromMemory doesn't match image D:\Projetos Unity\Pinguin-game\Pingu\Library\PackageCache\com.unity.visualscripting@1.7.8\Editor\VisualScripting.Core\Dependencies\DotNetZip\Unity.VisualScripting.IonicZip.dll
Native extension for WindowsStandalone target not found
Refreshing native plugins compatible for Editor in 0.74 ms, found 3 plugins.
Preloading 0 native plugins for Editor in 0.00 ms.
Mono: successfully reloaded assembly
- Completed reload, in  1.286 seconds
Domain Reload Profiling:
	ReloadAssembly (1287ms)
		BeginReloadAssembly (139ms)
			ExecutionOrderSort (0ms)
			DisableScriptedObjects (6ms)
			BackupInstance (0ms)
			ReleaseScriptingObjects (0ms)
			CreateAndSetChildDomain (21ms)
		EndReloadAssembly (1003ms)
			LoadAssemblies (114ms)
			RebuildTransferFunctionScriptingTraits (0ms)
			SetupTypeCache (324ms)
				TypeCache.Initialize (315ms)
					TypeCache.ScanAssembly (309ms)
				ResolveRequiredComponents (9ms)
			ReleaseScriptCaches (1ms)
			RebuildScriptCaches (63ms)
			SetupLoadedEditorAssemblies (453ms)
				LogAssemblyErrors (0ms)
				InitializePlatformSupportModulesInManaged (7ms)
				SetLoadedEditorAssemblies (6ms)
				RefreshPlugins (1ms)
				BeforeProcessingInitializeOnLoad (94ms)
				ProcessInitializeOnLoadAttributes (301ms)
				ProcessInitializeOnLoadMethodAttributes (29ms)
				AfterProcessingInitializeOnLoad (14ms)
				EditorAssembliesLoaded (0ms)
			ExecutionOrderSort2 (0ms)
			AwakeInstancesAfterBackupRestoration (7ms)
Platform modules already initialized, skipping
========================================================================
Worker process is ready to serve import requests
Launched and connected shader compiler UnityShaderCompiler.exe after 0.06 seconds
Refreshing native plugins compatible for Editor in 0.70 ms, found 3 plugins.
Preloading 0 native plugins for Editor in 0.00 ms.
Unloading 3683 Unused Serialized files (Serialized files now loaded: 0)
Unloading 51 unused Assets / (1.4 MB). Loaded Objects now: 4132.
Memory consumption went from 0.56 GB to 0.56 GB.
Total: 4.065200 ms (FindLiveObjects: 0.304700 ms CreateObjectMapping: 0.094700 ms MarkObjects: 3.321300 ms  DeleteObjects: 0.343200 ms)

AssetImportParameters requested are different than current active one (requested -> active):
  custom:video-decoder-ogg-theora: a1e56fd34408186e4bbccfd4996cb3dc -> 
  custom:container-muxer-webm: aa71ff27fc2769a1b78a27578f13a17b -> 
  custom:container-demuxer-webm: 4f35f7cbe854078d1ac9338744f61a02 -> 
  custom:video-encoder-webm-vp8: eb34c28f22e8b96e1ab97ce403110664 -> 
  custom:audio-encoder-webm-vorbis: bf7c407c2cedff20999df2af8eb42d56 -> 
  custom:framework-win-MediaFoundation: 216162199b28c13a410421893ffa2e32 -> 
  custom:container-demuxer-ogg: 62fdf1f143b41e24485cea50d1cbac27 -> 
  custom:video-decoder-webm-vp8: 9c59270c3fd7afecdb556c50c9e8de78 -> 
  custom:audio-decoder-ogg-vorbis: bf7c407c2cedff20999df2af8eb42d56 -> 
========================================================================
Received Import Request.
  Time since last request: 65910.371214 seconds.
  path: Assets/Models/Scene Objects/ScifiPlatformEnd/textures/PlatformEnd6x3_lp_PlatformBasis6x6_Metalli.png
  artifactKey: Guid(18a3a2f47d9fe794db1260e05f6b2b63) Importer(815301076,1909f56bfc062723c751e8b465ee728b)
Start importing Assets/Models/Scene Objects/ScifiPlatformEnd/textures/PlatformEnd6x3_lp_PlatformBasis6x6_Metalli.png using Guid(18a3a2f47d9fe794db1260e05f6b2b63) Importer(815301076,1909f56bfc062723c751e8b465ee728b)  -> (artifact id: 'e09f52e803f7e72ecfee3f54d64248b5') in 0.100748 seconds 
========================================================================
Received Import Request.
  Time since last request: 176.288468 seconds.
  path: Assets/Models/Scene Objects/ScifiProps/textures/Amario_E.TGA.png
  artifactKey: Guid(52ae4937c00f3294fbf4965a73cea8ea) Importer(815301076,1909f56bfc062723c751e8b465ee728b)
Start importing Assets/Models/Scene Objects/ScifiProps/textures/Amario_E.TGA.png using Guid(52ae4937c00f3294fbf4965a73cea8ea) Importer(815301076,1909f56bfc062723c751e8b465ee728b)  -> (artifact id: '6b76d359dd86ea1d68266a43147193ab') in 0.021718 seconds 
========================================================================
Received Import Request.
  Time since last request: 0.000055 seconds.
  path: Assets/Models/Scene Objects/ScifiProps/textures/MATIN_PropPar_Yellow.mat
  artifactKey: Guid(6d2f2695fbb36534597fc5c10378aa8b) Importer(815301076,1909f56bfc062723c751e8b465ee728b)
Start importing Assets/Models/Scene Objects/ScifiProps/textures/MATIN_PropPar_Yellow.mat using Guid(6d2f2695fbb36534597fc5c10378aa8b) Importer(815301076,1909f56bfc062723c751e8b465ee728b)  -> (artifact id: '88df7d1204a6423dfbe05f1041ab3c9b') in 0.108236 seconds 
========================================================================
Received Import Request.
  Time since last request: 0.000037 seconds.
  path: Assets/Models/Scene Objects/ScifiProps/textures/Prop_Light_D.TGA.png
  artifactKey: Guid(7f37029140dc10b4b94241c9d0a6a006) Importer(815301076,1909f56bfc062723c751e8b465ee728b)
Start importing Assets/Models/Scene Objects/ScifiProps/textures/Prop_Light_D.TGA.png using Guid(7f37029140dc10b4b94241c9d0a6a006) Importer(815301076,1909f56bfc062723c751e8b465ee728b)  -> (artifact id: '52410baac22e2751cdd7108c6fb77dda') in 0.015703 seconds 
========================================================================
Received Import Request.
  Time since last request: 0.000042 seconds.
  path: Assets/Models/Scene Objects/ScifiProps/textures/luces.mat
  artifactKey: Guid(e5a608a0a0a8aed45b9621e07c066226) Importer(815301076,1909f56bfc062723c751e8b465ee728b)
Start importing Assets/Models/Scene Objects/ScifiProps/textures/luces.mat using Guid(e5a608a0a0a8aed45b9621e07c066226) Importer(815301076,1909f56bfc062723c751e8b465ee728b)  -> (artifact id: '3fabf70cbe1f42f12d32aa3c9a6dc049') in 0.017159 seconds 
========================================================================
Received Import Request.
  Time since last request: 0.000030 seconds.
  path: Assets/Models/Scene Objects/ScifiProps/textures/Foco.mat
  artifactKey: Guid(19b671557b539884ba808cb96cf021ea) Importer(815301076,1909f56bfc062723c751e8b465ee728b)
Start importing Assets/Models/Scene Objects/ScifiProps/textures/Foco.mat using Guid(19b671557b539884ba808cb96cf021ea) Importer(815301076,1909f56bfc062723c751e8b465ee728b)  -> (artifact id: 'cd9aa2dfed92ded7563f22149a7dd0e2') in 0.016275 seconds 
========================================================================
Received Import Request.
  Time since last request: 0.000056 seconds.
  path: Assets/Models/Scene Objects/ScifiProps/textures/Prop_Estante_ORM.TGA.png
  artifactKey: Guid(9639628624f21a740a0be441fac108ea) Importer(815301076,1909f56bfc062723c751e8b465ee728b)
Start importing Assets/Models/Scene Objects/ScifiProps/textures/Prop_Estante_ORM.TGA.png using Guid(9639628624f21a740a0be441fac108ea) Importer(815301076,1909f56bfc062723c751e8b465ee728b)  -> (artifact id: 'b86ef7400286cbf7eb6778648e43f6d1') in 0.014821 seconds 
========================================================================
Received Import Request.
  Time since last request: 0.000024 seconds.
  path: Assets/Models/Scene Objects/ScifiProps/textures/ElectricPanel_E.TGA.png
  artifactKey: Guid(35e8fa5f2e953bb47bcc0dd68ac03303) Importer(815301076,1909f56bfc062723c751e8b465ee728b)
Start importing Assets/Models/Scene Objects/ScifiProps/textures/ElectricPanel_E.TGA.png using Guid(35e8fa5f2e953bb47bcc0dd68ac03303) Importer(815301076,1909f56bfc062723c751e8b465ee728b)  -> (artifact id: 'e305c429531b2c6fcb9e3ca6d649763d') in 0.028373 seconds 
========================================================================
Received Import Request.
  Time since last request: 0.000029 seconds.
  path: Assets/Models/Scene Objects/ScifiProps/textures/Armario_Puerta_N.TGA.png
  artifactKey: Guid(06b8120fa84d6cd4baf669e1be7234cf) Importer(815301076,1909f56bfc062723c751e8b465ee728b)
Start importing Assets/Models/Scene Objects/ScifiProps/textures/Armario_Puerta_N.TGA.png using Guid(06b8120fa84d6cd4baf669e1be7234cf) Importer(815301076,1909f56bfc062723c751e8b465ee728b)  -> (artifact id: '28d2b0751a56f3b14e2af2e8bc7907d4') in 0.104861 seconds 
========================================================================
Received Import Request.
  Time since last request: 0.000024 seconds.
  path: Assets/Models/Scene Objects/ScifiProps/textures/MATIN_Caja_1.mat
  artifactKey: Guid(28859ca6db88c584fad32a51bef787d5) Importer(815301076,1909f56bfc062723c751e8b465ee728b)
Start importing Assets/Models/Scene Objects/ScifiProps/textures/MATIN_Caja_1.mat using Guid(28859ca6db88c584fad32a51bef787d5) Importer(815301076,1909f56bfc062723c751e8b465ee728b)  -> (artifact id: 'c5346fdf692786089c86b9de378e3767') in 0.065635 seconds 
========================================================================
Received Import Request.
  Time since last request: 0.000040 seconds.
  path: Assets/Models/Scene Objects/ScifiProps/textures/Amario_ORM.TGA.png
  artifactKey: Guid(0036fb81bc6f6cb43bff3b7fd0ed71f1) Importer(815301076,1909f56bfc062723c751e8b465ee728b)
Start importing Assets/Models/Scene Objects/ScifiProps/textures/Amario_ORM.TGA.png using Guid(0036fb81bc6f6cb43bff3b7fd0ed71f1) Importer(815301076,1909f56bfc062723c751e8b465ee728b)  -> (artifact id: '9ebeebe4f33dc9b3d852d61793a6c2c5') in 0.058794 seconds 
========================================================================
Received Import Request.
  Time since last request: 0.000041 seconds.
  path: Assets/Models/Scene Objects/ScifiProps/textures/conexion_tubos.mat
  artifactKey: Guid(f874b0ab040612f4a9e6e6de87092eab) Importer(815301076,1909f56bfc062723c751e8b465ee728b)
Start importing Assets/Models/Scene Objects/ScifiProps/textures/conexion_tubos.mat using Guid(f874b0ab040612f4a9e6e6de87092eab) Importer(815301076,1909f56bfc062723c751e8b465ee728b)  -> (artifact id: 'efa6ad91fb46b83592d1372dd43b8bc8') in 0.019797 seconds 
========================================================================
Received Import Request.
  Time since last request: 0.000021 seconds.
  path: Assets/Models/Scene Objects/ScifiProps/textures/panel_3.mat
  artifactKey: Guid(7f32662ba667b3042afda4fc2debaa61) Importer(815301076,1909f56bfc062723c751e8b465ee728b)
Start importing Assets/Models/Scene Objects/ScifiProps/textures/panel_3.mat using Guid(7f32662ba667b3042afda4fc2debaa61) Importer(815301076,1909f56bfc062723c751e8b465ee728b)  -> (artifact id: '4246f8584a4df74e12f5d496bbe39dff') in 0.020843 seconds 
========================================================================
Received Import Request.
  Time since last request: 0.000035 seconds.
  path: Assets/Models/Scene Objects/ScifiProps/textures/Foco_Low_Foco_BaseColor.TGA.png
  artifactKey: Guid(477221297af543447aff71ce3053c360) Importer(815301076,1909f56bfc062723c751e8b465ee728b)
Start importing Assets/Models/Scene Objects/ScifiProps/textures/Foco_Low_Foco_BaseColor.TGA.png using Guid(477221297af543447aff71ce3053c360) Importer(815301076,1909f56bfc062723c751e8b465ee728b)  -> (artifact id: '6aaf7c023e7bd2e8ebfd8651ca48b521') in 0.019452 seconds 
========================================================================
Received Import Request.
  Time since last request: 0.000041 seconds.
  path: Assets/Models/Scene Objects/ScifiProps/textures/ParedProp2_ORM.TGA.png
  artifactKey: Guid(53a0703d7f39dd443b3907d6c091c931) Importer(815301076,1909f56bfc062723c751e8b465ee728b)
Start importing Assets/Models/Scene Objects/ScifiProps/textures/ParedProp2_ORM.TGA.png using Guid(53a0703d7f39dd443b3907d6c091c931) Importer(815301076,1909f56bfc062723c751e8b465ee728b)  -> (artifact id: 'aadbe3d01299a9d5e5ec8e7f21e46718') in 0.023725 seconds 
========================================================================
Received Import Request.
  Time since last request: 0.000052 seconds.
  path: Assets/Models/Scene Objects/ScifiProps/textures/Armario_Puerta_E.TGA.png
  artifactKey: Guid(84ed33d0cb492b249b78c7ea3e6c98df) Importer(815301076,1909f56bfc062723c751e8b465ee728b)
Start importing Assets/Models/Scene Objects/ScifiProps/textures/Armario_Puerta_E.TGA.png using Guid(84ed33d0cb492b249b78c7ea3e6c98df) Importer(815301076,1909f56bfc062723c751e8b465ee728b)  -> (artifact id: '89bc92f18f290333ba3fb34f49884548') in 0.016860 seconds 
========================================================================
Received Import Request.
  Time since last request: 0.000046 seconds.
  path: Assets/Models/Scene Objects/ScifiProps/textures/Armario_Puerta_ORM.TGA.png
  artifactKey: Guid(3b9833cffce209741991a8020829e92f) Importer(815301076,1909f56bfc062723c751e8b465ee728b)
Start importing Assets/Models/Scene Objects/ScifiProps/textures/Armario_Puerta_ORM.TGA.png using Guid(3b9833cffce209741991a8020829e92f) Importer(815301076,1909f56bfc062723c751e8b465ee728b)  -> (artifact id: '74d3134bbb650c53c1801264ba242087') in 0.017312 seconds 
========================================================================
Received Import Request.
  Time since last request: 0.000034 seconds.
  path: Assets/Models/Scene Objects/ScifiProps/textures/Prop_Estante_D.TGA.png
  artifactKey: Guid(5bb40be33b9964b4cbf4788fdc01392f) Importer(815301076,1909f56bfc062723c751e8b465ee728b)
Start importing Assets/Models/Scene Objects/ScifiProps/textures/Prop_Estante_D.TGA.png using Guid(5bb40be33b9964b4cbf4788fdc01392f) Importer(815301076,1909f56bfc062723c751e8b465ee728b)  -> (artifact id: 'e8de91087678317d7763d95fb448b4d1') in 0.016309 seconds 
Editor requested this worker to shutdown with reason: Scaling down because of idle timeout
AssetImportWorker is now disconnected from the server
Process exiting
Exiting without the bug reporter. Application will terminate with return code 0