Using pre-set license
Built from '2022.1/staging' branch; Version is '2022.1.23f1 (9636b062134a) revision 9844400'; Using compiler version '192829333'; Build Type 'Release'
OS: 'Windows 10  (10.0.19044) 64bit CoreSingleLanguage' Language: 'pt' Physical Memory: 16315 MB
BatchMode: 1, IsHumanControllingUs: 0, StartBugReporterOnCrash: 0, Is64bit: 1, IsPro: 1

COMMAND LINE ARGUMENTS:
C:\Program Files\Unity\Hub\Editor\2022.1.23f1\Editor\Unity.exe
-adb2
-batchMode
-noUpm
-name
AssetImportWorker20
-projectPath
D:/Projetos Unity/Pinguin-game/Pingu
-logFile
Logs/AssetImportWorker20.log
-srvPort
60236
Successfully changed project path to: D:/Projetos Unity/Pinguin-game/Pingu
D:/Projetos Unity/Pinguin-game/Pingu
[UnityMemory] Configuration Parameters - Can be set up in boot.config
    "memorysetup-bucket-allocator-granularity=16"
    "memorysetup-bucket-allocator-bucket-count=8"
    "memorysetup-bucket-allocator-block-size=33554432"
    "memorysetup-bucket-allocator-block-count=8"
    "memorysetup-main-allocator-block-size=16777216"
    "memorysetup-thread-allocator-block-size=16777216"
    "memorysetup-gfx-main-allocator-block-size=16777216"
    "memorysetup-gfx-thread-allocator-block-size=16777216"
    "memorysetup-cache-allocator-block-size=4194304"
    "memorysetup-typetree-allocator-block-size=2097152"
    "memorysetup-profiler-bucket-allocator-granularity=16"
    "memorysetup-profiler-bucket-allocator-bucket-count=8"
    "memorysetup-profiler-bucket-allocator-block-size=33554432"
    "memorysetup-profiler-bucket-allocator-block-count=8"
    "memorysetup-profiler-allocator-block-size=16777216"
    "memorysetup-profiler-editor-allocator-block-size=1048576"
    "memorysetup-temp-allocator-size-main=16777216"
    "memorysetup-job-temp-allocator-block-size=2097152"
    "memorysetup-job-temp-allocator-block-size-background=1048576"
    "memorysetup-job-temp-allocator-reduction-small-platforms=262144"
    "memorysetup-temp-allocator-size-background-worker=32768"
    "memorysetup-temp-allocator-size-job-worker=262144"
    "memorysetup-temp-allocator-size-preload-manager=33554432"
    "memorysetup-temp-allocator-size-nav-mesh-worker=65536"
    "memorysetup-temp-allocator-size-audio-worker=65536"
    "memorysetup-temp-allocator-size-cloud-worker=32768"
    "memorysetup-temp-allocator-size-gi-baking-worker=262144"
    "memorysetup-temp-allocator-size-gfx=262144"
Refreshing native plugins compatible for Editor in 99.27 ms, found 3 plugins.
Preloading 0 native plugins for Editor in 0.00 ms.
Initialize engine version: 2022.1.23f1 (9636b062134a)
[Subsystems] Discovering subsystems at path C:/Program Files/Unity/Hub/Editor/2022.1.23f1/Editor/Data/Resources/UnitySubsystems
[Subsystems] Discovering subsystems at path D:/Projetos Unity/Pinguin-game/Pingu/Assets
GfxDevice: creating device client; threaded=0; jobified=0
Direct3D:
    Version:  Direct3D 11.0 [level 11.1]
    Renderer: Radeon RX 580 Series (ID=0x67df)
    Vendor:   ATI
    VRAM:     8170 MB
    Driver:   30.0.15021.11005
Initialize mono
Mono path[0] = 'C:/Program Files/Unity/Hub/Editor/2022.1.23f1/Editor/Data/Managed'
Mono path[1] = 'C:/Program Files/Unity/Hub/Editor/2022.1.23f1/Editor/Data/MonoBleedingEdge/lib/mono/unityjit-win32'
Mono config path = 'C:/Program Files/Unity/Hub/Editor/2022.1.23f1/Editor/Data/MonoBleedingEdge/etc'
Using monoOptions --debugger-agent=transport=dt_socket,embedding=1,server=y,suspend=n,address=127.0.0.1:56860
Begin MonoManager ReloadAssembly
Registering precompiled unity dll's ...
Register platform support module: C:/Program Files/Unity/Hub/Editor/2022.1.23f1/Editor/Data/PlaybackEngines/WindowsStandaloneSupport/UnityEditor.WindowsStandalone.Extensions.dll
Registered in 0.011290 seconds.
Native extension for WindowsStandalone target not found
Refreshing native plugins compatible for Editor in 94.88 ms, found 3 plugins.
Preloading 0 native plugins for Editor in 0.00 ms.
Mono: successfully reloaded assembly
- Completed reload, in  0.786 seconds
Domain Reload Profiling:
	ReloadAssembly (786ms)
		BeginReloadAssembly (96ms)
			ExecutionOrderSort (0ms)
			DisableScriptedObjects (0ms)
			BackupInstance (0ms)
			ReleaseScriptingObjects (0ms)
			CreateAndSetChildDomain (1ms)
		EndReloadAssembly (545ms)
			LoadAssemblies (92ms)
			RebuildTransferFunctionScriptingTraits (0ms)
			SetupTypeCache (132ms)
				TypeCache.Initialize (131ms)
					TypeCache.ScanAssembly (130ms)
				ResolveRequiredComponents (1ms)
			ReleaseScriptCaches (0ms)
			RebuildScriptCaches (30ms)
			SetupLoadedEditorAssemblies (318ms)
				LogAssemblyErrors (0ms)
				InitializePlatformSupportModulesInManaged (10ms)
				SetLoadedEditorAssemblies (7ms)
				RefreshPlugins (95ms)
				BeforeProcessingInitializeOnLoad (1ms)
				ProcessInitializeOnLoadAttributes (151ms)
				ProcessInitializeOnLoadMethodAttributes (54ms)
				AfterProcessingInitializeOnLoad (0ms)
				EditorAssembliesLoaded (0ms)
			ExecutionOrderSort2 (0ms)
			AwakeInstancesAfterBackupRestoration (0ms)
Platform modules already initialized, skipping
Registering precompiled user dll's ...
Registered in 0.007337 seconds.
Begin MonoManager ReloadAssembly
Symbol file LoadedFromMemory doesn't match image D:\Projetos Unity\Pinguin-game\Pingu\Library\PackageCache\com.unity.visualscripting@1.7.8\Editor\VisualScripting.Core\Dependencies\YamlDotNet\Unity.VisualScripting.YamlDotNet.dll
Symbol file LoadedFromMemory doesn't match image D:\Projetos Unity\Pinguin-game\Pingu\Library\PackageCache\com.unity.visualscripting@1.7.8\Editor\VisualScripting.Core\Dependencies\DotNetZip\Unity.VisualScripting.IonicZip.dll
Native extension for WindowsStandalone target not found
Refreshing native plugins compatible for Editor in 0.75 ms, found 3 plugins.
Preloading 0 native plugins for Editor in 0.00 ms.
Mono: successfully reloaded assembly
- Completed reload, in  1.338 seconds
Domain Reload Profiling:
	ReloadAssembly (1339ms)
		BeginReloadAssembly (144ms)
			ExecutionOrderSort (0ms)
			DisableScriptedObjects (6ms)
			BackupInstance (0ms)
			ReleaseScriptingObjects (0ms)
			CreateAndSetChildDomain (21ms)
		EndReloadAssembly (1044ms)
			LoadAssemblies (119ms)
			RebuildTransferFunctionScriptingTraits (0ms)
			SetupTypeCache (345ms)
				TypeCache.Initialize (339ms)
					TypeCache.ScanAssembly (334ms)
				ResolveRequiredComponents (6ms)
			ReleaseScriptCaches (1ms)
			RebuildScriptCaches (69ms)
			SetupLoadedEditorAssemblies (465ms)
				LogAssemblyErrors (0ms)
				InitializePlatformSupportModulesInManaged (9ms)
				SetLoadedEditorAssemblies (7ms)
				RefreshPlugins (1ms)
				BeforeProcessingInitializeOnLoad (98ms)
				ProcessInitializeOnLoadAttributes (306ms)
				ProcessInitializeOnLoadMethodAttributes (30ms)
				AfterProcessingInitializeOnLoad (14ms)
				EditorAssembliesLoaded (0ms)
			ExecutionOrderSort2 (0ms)
			AwakeInstancesAfterBackupRestoration (7ms)
Platform modules already initialized, skipping
========================================================================
Worker process is ready to serve import requests
Launched and connected shader compiler UnityShaderCompiler.exe after 0.06 seconds
Refreshing native plugins compatible for Editor in 0.73 ms, found 3 plugins.
Preloading 0 native plugins for Editor in 0.00 ms.
Unloading 3683 Unused Serialized files (Serialized files now loaded: 0)
Unloading 51 unused Assets / (1.4 MB). Loaded Objects now: 4131.
Memory consumption went from 0.56 GB to 0.56 GB.
Total: 4.335500 ms (FindLiveObjects: 0.374600 ms CreateObjectMapping: 0.093200 ms MarkObjects: 3.525300 ms  DeleteObjects: 0.340800 ms)

AssetImportParameters requested are different than current active one (requested -> active):
  custom:video-decoder-ogg-theora: a1e56fd34408186e4bbccfd4996cb3dc -> 
  custom:container-muxer-webm: aa71ff27fc2769a1b78a27578f13a17b -> 
  custom:container-demuxer-webm: 4f35f7cbe854078d1ac9338744f61a02 -> 
  custom:video-encoder-webm-vp8: eb34c28f22e8b96e1ab97ce403110664 -> 
  custom:audio-encoder-webm-vorbis: bf7c407c2cedff20999df2af8eb42d56 -> 
  custom:framework-win-MediaFoundation: 216162199b28c13a410421893ffa2e32 -> 
  custom:container-demuxer-ogg: 62fdf1f143b41e24485cea50d1cbac27 -> 
  custom:video-decoder-webm-vp8: 9c59270c3fd7afecdb556c50c9e8de78 -> 
  custom:audio-decoder-ogg-vorbis: bf7c407c2cedff20999df2af8eb42d56 -> 
========================================================================
Received Import Request.
  Time since last request: 64199.609117 seconds.
  path: Assets/Models/Scene Objects/MetalRamp/textures/bolts_Metallic.jpg
  artifactKey: Guid(7e368e0fa509cc146925ded551de6738) Importer(815301076,1909f56bfc062723c751e8b465ee728b)
Start importing Assets/Models/Scene Objects/MetalRamp/textures/bolts_Metallic.jpg using Guid(7e368e0fa509cc146925ded551de6738) Importer(815301076,1909f56bfc062723c751e8b465ee728b)  -> (artifact id: '4f497adad5b7f7f71ac35b8d86d9f3eb') in 0.142047 seconds 
========================================================================
Received Import Request.
  Time since last request: 0.000035 seconds.
  path: Assets/Models/Scene Objects/MetalRamp/textures/handrails_p_Mixed_AO.jpg
  artifactKey: Guid(08f2d3604fd209a4f8baeb564b3befeb) Importer(815301076,1909f56bfc062723c751e8b465ee728b)
Start importing Assets/Models/Scene Objects/MetalRamp/textures/handrails_p_Mixed_AO.jpg using Guid(08f2d3604fd209a4f8baeb564b3befeb) Importer(815301076,1909f56bfc062723c751e8b465ee728b)  -> (artifact id: '1c429ce13a6c8f79ca5a13bd1ff627b8') in 0.034668 seconds 
========================================================================
Received Import Request.
  Time since last request: 0.000047 seconds.
  path: Assets/Models/Scene Objects/MetalRamp/textures/handrails_p_Metallic.jpg
  artifactKey: Guid(d10e6d6877fe6764787bb989c1daaad4) Importer(815301076,1909f56bfc062723c751e8b465ee728b)
Start importing Assets/Models/Scene Objects/MetalRamp/textures/handrails_p_Metallic.jpg using Guid(d10e6d6877fe6764787bb989c1daaad4) Importer(815301076,1909f56bfc062723c751e8b465ee728b)  -> (artifact id: '3c4475204f80b3c9a8093192b02c6fff') in 0.024195 seconds 
========================================================================
Received Import Request.
  Time since last request: 0.000030 seconds.
  path: Assets/Models/Scene Objects/MetalRamp/textures/handrails_l_Metallic.jpg
  artifactKey: Guid(ecac2a3a07955844da7e40b930742810) Importer(815301076,1909f56bfc062723c751e8b465ee728b)
Start importing Assets/Models/Scene Objects/MetalRamp/textures/handrails_l_Metallic.jpg using Guid(ecac2a3a07955844da7e40b930742810) Importer(815301076,1909f56bfc062723c751e8b465ee728b)  -> (artifact id: '7c5d5ddeac9cdc02cdefb5f8b7f3b95a') in 0.016427 seconds 
========================================================================
Received Import Request.
  Time since last request: 0.000031 seconds.
  path: Assets/Models/Scene Objects/MetalRamp/textures/handrails_p_Base_color.jpg
  artifactKey: Guid(a8ddcfaa7c78aec4b9901b77d13f04f5) Importer(815301076,1909f56bfc062723c751e8b465ee728b)
Start importing Assets/Models/Scene Objects/MetalRamp/textures/handrails_p_Base_color.jpg using Guid(a8ddcfaa7c78aec4b9901b77d13f04f5) Importer(815301076,1909f56bfc062723c751e8b465ee728b)  -> (artifact id: '7d2837414138b3b96bf184cd8d73fb3a') in 0.018821 seconds 
========================================================================
Received Import Request.
  Time since last request: 0.000037 seconds.
  path: Assets/Models/Scene Objects/MetalRamp/textures/pillars_Metallic.jpg
  artifactKey: Guid(c85f0fe811780fa46bbf1590d7495a41) Importer(815301076,1909f56bfc062723c751e8b465ee728b)
Start importing Assets/Models/Scene Objects/MetalRamp/textures/pillars_Metallic.jpg using Guid(c85f0fe811780fa46bbf1590d7495a41) Importer(815301076,1909f56bfc062723c751e8b465ee728b)  -> (artifact id: '23b0f4f235d33cc1186a33ce9675b7f6') in 0.017324 seconds 
========================================================================
Received Import Request.
  Time since last request: 0.000041 seconds.
  path: Assets/Models/Scene Objects/MetalRamp/textures/floor_Metallic.jpg
  artifactKey: Guid(2bac46a0f16cbcb44bab1c59ca379747) Importer(815301076,1909f56bfc062723c751e8b465ee728b)
Start importing Assets/Models/Scene Objects/MetalRamp/textures/floor_Metallic.jpg using Guid(2bac46a0f16cbcb44bab1c59ca379747) Importer(815301076,1909f56bfc062723c751e8b465ee728b)  -> (artifact id: '2b7f957218c3d495951854109887dc92') in 0.020300 seconds 
========================================================================
Received Import Request.
  Time since last request: 0.000032 seconds.
  path: Assets/Models/Scene Objects/MetalRamp/textures/pillars_Mixed_AO.jpg
  artifactKey: Guid(7cf455fef3700fc438f41f19a6d72b99) Importer(815301076,1909f56bfc062723c751e8b465ee728b)
Start importing Assets/Models/Scene Objects/MetalRamp/textures/pillars_Mixed_AO.jpg using Guid(7cf455fef3700fc438f41f19a6d72b99) Importer(815301076,1909f56bfc062723c751e8b465ee728b)  -> (artifact id: 'b82757200070e25337af0eba984dc5ca') in 0.020936 seconds 
========================================================================
Received Import Request.
  Time since last request: 0.000041 seconds.
  path: Assets/Models/Scene Objects/MetalRamp/textures/handrails_l_Mixed_AO.jpg
  artifactKey: Guid(49a159df1e1712f448d656004829f1d3) Importer(815301076,1909f56bfc062723c751e8b465ee728b)
Start importing Assets/Models/Scene Objects/MetalRamp/textures/handrails_l_Mixed_AO.jpg using Guid(49a159df1e1712f448d656004829f1d3) Importer(815301076,1909f56bfc062723c751e8b465ee728b)  -> (artifact id: 'efe1c596abff6ef0b9d53277f635e4f5') in 0.020999 seconds 
========================================================================
Received Import Request.
  Time since last request: 0.000046 seconds.
  path: Assets/Models/Scene Objects/MetalRamp/textures/handrails_r_Normal_OpenGL.jpg
  artifactKey: Guid(ea267579c36251e44850a6dc56a5cc34) Importer(815301076,1909f56bfc062723c751e8b465ee728b)
Start importing Assets/Models/Scene Objects/MetalRamp/textures/handrails_r_Normal_OpenGL.jpg using Guid(ea267579c36251e44850a6dc56a5cc34) Importer(815301076,1909f56bfc062723c751e8b465ee728b)  -> (artifact id: '98abb3ada22f79bd768a11a2d4a6a683') in 0.020235 seconds 
========================================================================
Received Import Request.
  Time since last request: 0.000055 seconds.
  path: Assets/Models/Scene Objects/MetalRamp/textures/handrails_l_Normal_OpenGL.jpg
  artifactKey: Guid(807755207f4db7a419836255a1a8f806) Importer(815301076,1909f56bfc062723c751e8b465ee728b)
Start importing Assets/Models/Scene Objects/MetalRamp/textures/handrails_l_Normal_OpenGL.jpg using Guid(807755207f4db7a419836255a1a8f806) Importer(815301076,1909f56bfc062723c751e8b465ee728b)  -> (artifact id: '1cc9736350317e429a8b43ecd8b8cf7a') in 0.027377 seconds 
========================================================================
Received Import Request.
  Time since last request: 0.000057 seconds.
  path: Assets/Models/Scene Objects/MetalRamp/textures/floor_Roughness.jpg
  artifactKey: Guid(3aa3d6b95ffd99743ace111b297e1f96) Importer(815301076,1909f56bfc062723c751e8b465ee728b)
Start importing Assets/Models/Scene Objects/MetalRamp/textures/floor_Roughness.jpg using Guid(3aa3d6b95ffd99743ace111b297e1f96) Importer(815301076,1909f56bfc062723c751e8b465ee728b)  -> (artifact id: '8eca291ce110c5e7527cdf610dc87694') in 0.028317 seconds 
========================================================================
Received Import Request.
  Time since last request: 0.000053 seconds.
  path: Assets/Models/Scene Objects/MetalRamp/textures/metal_ramp_Roughness.jpg
  artifactKey: Guid(a5525b63f42196a498f2255b5f371d1f) Importer(815301076,1909f56bfc062723c751e8b465ee728b)
Start importing Assets/Models/Scene Objects/MetalRamp/textures/metal_ramp_Roughness.jpg using Guid(a5525b63f42196a498f2255b5f371d1f) Importer(815301076,1909f56bfc062723c751e8b465ee728b)  -> (artifact id: 'a092f0d3173a83f297faa8ee430117e0') in 0.031824 seconds 
========================================================================
Received Import Request.
  Time since last request: 0.000050 seconds.
  path: Assets/Models/Scene Objects/MetalRamp/textures/skelet_Base_color.jpg
  artifactKey: Guid(b39f16d49cec71b45a6c98b17313cd61) Importer(815301076,1909f56bfc062723c751e8b465ee728b)
Start importing Assets/Models/Scene Objects/MetalRamp/textures/skelet_Base_color.jpg using Guid(b39f16d49cec71b45a6c98b17313cd61) Importer(815301076,1909f56bfc062723c751e8b465ee728b)  -> (artifact id: '688aea32f6c70da14027235bcbab5453') in 0.046157 seconds 
========================================================================
Received Import Request.
  Time since last request: 0.000055 seconds.
  path: Assets/Models/Scene Objects/MetalRamp/textures/handrails_r_Metallic.jpg
  artifactKey: Guid(31574e630f53db14d81a53b737485383) Importer(815301076,1909f56bfc062723c751e8b465ee728b)
Start importing Assets/Models/Scene Objects/MetalRamp/textures/handrails_r_Metallic.jpg using Guid(31574e630f53db14d81a53b737485383) Importer(815301076,1909f56bfc062723c751e8b465ee728b)  -> (artifact id: '447d93288ba3aae9703f5195f03008c4') in 0.037376 seconds 
========================================================================
Received Import Request.
  Time since last request: 0.000048 seconds.
  path: Assets/Models/Scene Objects/MetalRamp/textures/internal_ground_ao_texture.jpeg
  artifactKey: Guid(7d9456890f1147d4cbd1bed1a68d5af2) Importer(815301076,1909f56bfc062723c751e8b465ee728b)
Start importing Assets/Models/Scene Objects/MetalRamp/textures/internal_ground_ao_texture.jpeg using Guid(7d9456890f1147d4cbd1bed1a68d5af2) Importer(815301076,1909f56bfc062723c751e8b465ee728b)  -> (artifact id: 'd325c5f3aaec89c883d6c489c0683c9d') in 0.018620 seconds 
========================================================================
Received Import Request.
  Time since last request: 0.000048 seconds.
  path: Assets/Models/Scene Objects/MetalRamp/textures/metal_ramp_Normal_OpenGL.jpg
  artifactKey: Guid(c840599f8eecd0546a3a22361769bbcb) Importer(815301076,1909f56bfc062723c751e8b465ee728b)
Start importing Assets/Models/Scene Objects/MetalRamp/textures/metal_ramp_Normal_OpenGL.jpg using Guid(c840599f8eecd0546a3a22361769bbcb) Importer(815301076,1909f56bfc062723c751e8b465ee728b)  -> (artifact id: '85eaba2053b42108fa725f60b99756e1') in 0.037466 seconds 
========================================================================
Received Import Request.
  Time since last request: 0.000089 seconds.
  path: Assets/Models/Scene Objects/MetalRamp/textures/floor_Base_color.jpg
  artifactKey: Guid(d24aeb9ae2b909f43979997cb2d78bbf) Importer(815301076,1909f56bfc062723c751e8b465ee728b)
Start importing Assets/Models/Scene Objects/MetalRamp/textures/floor_Base_color.jpg using Guid(d24aeb9ae2b909f43979997cb2d78bbf) Importer(815301076,1909f56bfc062723c751e8b465ee728b)  -> (artifact id: 'd19c9dbb083b66457d44b37db099dbd1') in 0.018684 seconds 
========================================================================
Received Import Request.
  Time since last request: 41.549712 seconds.
  path: Assets/Models/Scene Objects/MetalRamp/textures/handrails_l.mat
  artifactKey: Guid(5b7c9c96215fd8c48b807c8eff3d664e) Importer(815301076,1909f56bfc062723c751e8b465ee728b)
Start importing Assets/Models/Scene Objects/MetalRamp/textures/handrails_l.mat using Guid(5b7c9c96215fd8c48b807c8eff3d664e) Importer(815301076,1909f56bfc062723c751e8b465ee728b)  -> (artifact id: '6c9aa701e175281b4f785b4e2a46b63a') in 0.369853 seconds 
========================================================================
Received Import Request.
  Time since last request: 102.371517 seconds.
  path: Assets/Models/Scene Objects/MetalRamp/textures/skelet.mat
  artifactKey: Guid(c2172aff5aee4884390cc3680e0033bd) Importer(815301076,1909f56bfc062723c751e8b465ee728b)
Start importing Assets/Models/Scene Objects/MetalRamp/textures/skelet.mat using Guid(c2172aff5aee4884390cc3680e0033bd) Importer(815301076,1909f56bfc062723c751e8b465ee728b)  -> (artifact id: '5ad7cb2542837b9e39f4e7c32d1c4769') in 0.039669 seconds 
========================================================================
Received Import Request.
  Time since last request: 0.000055 seconds.
  path: Assets/Models/Scene Objects/MetalRamp/textures/skelet_Metallic.jpg
  artifactKey: Guid(bafbab73a01264d4a9fadb70dbb26487) Importer(815301076,1909f56bfc062723c751e8b465ee728b)
Start importing Assets/Models/Scene Objects/MetalRamp/textures/skelet_Metallic.jpg using Guid(bafbab73a01264d4a9fadb70dbb26487) Importer(815301076,1909f56bfc062723c751e8b465ee728b)  -> (artifact id: 'bbafa9b2b2a3bbdda144b595d94af719') in 0.015243 seconds 
========================================================================
Received Import Request.
  Time since last request: 0.000028 seconds.
  path: Assets/Models/Scene Objects/MetalRamp/textures/skelet_Normal_OpenGL.jpg
  artifactKey: Guid(3397099beadefd04bbe9cc0017283b1e) Importer(815301076,1909f56bfc062723c751e8b465ee728b)
Start importing Assets/Models/Scene Objects/MetalRamp/textures/skelet_Normal_OpenGL.jpg using Guid(3397099beadefd04bbe9cc0017283b1e) Importer(815301076,1909f56bfc062723c751e8b465ee728b)  -> (artifact id: '389a9982084962a9ea00d7653a1c2332') in 0.016834 seconds 
Editor requested this worker to shutdown with reason: Scaling down because of idle timeout
AssetImportWorker is now disconnected from the server
Process exiting
Exiting without the bug reporter. Application will terminate with return code 0