Using pre-set license
Built from '2022.1/staging' branch; Version is '2022.1.23f1 (9636b062134a) revision 9844400'; Using compiler version '192829333'; Build Type 'Release'
OS: 'Windows 10  (10.0.19044) 64bit CoreSingleLanguage' Language: 'pt' Physical Memory: 16315 MB
BatchMode: 1, IsHumanControllingUs: 0, StartBugReporterOnCrash: 0, Is64bit: 1, IsPro: 1

COMMAND LINE ARGUMENTS:
C:\Program Files\Unity\Hub\Editor\2022.1.23f1\Editor\Unity.exe
-adb2
-batchMode
-noUpm
-name
AssetImportWorker4
-projectPath
D:/Projetos Unity/Pinguin-game/Pingu
-logFile
Logs/AssetImportWorker4.log
-srvPort
60236
Successfully changed project path to: D:/Projetos Unity/Pinguin-game/Pingu
D:/Projetos Unity/Pinguin-game/Pingu
[UnityMemory] Configuration Parameters - Can be set up in boot.config
    "memorysetup-bucket-allocator-granularity=16"
    "memorysetup-bucket-allocator-bucket-count=8"
    "memorysetup-bucket-allocator-block-size=33554432"
    "memorysetup-bucket-allocator-block-count=8"
    "memorysetup-main-allocator-block-size=16777216"
    "memorysetup-thread-allocator-block-size=16777216"
    "memorysetup-gfx-main-allocator-block-size=16777216"
    "memorysetup-gfx-thread-allocator-block-size=16777216"
    "memorysetup-cache-allocator-block-size=4194304"
    "memorysetup-typetree-allocator-block-size=2097152"
    "memorysetup-profiler-bucket-allocator-granularity=16"
    "memorysetup-profiler-bucket-allocator-bucket-count=8"
    "memorysetup-profiler-bucket-allocator-block-size=33554432"
    "memorysetup-profiler-bucket-allocator-block-count=8"
    "memorysetup-profiler-allocator-block-size=16777216"
    "memorysetup-profiler-editor-allocator-block-size=1048576"
    "memorysetup-temp-allocator-size-main=16777216"
    "memorysetup-job-temp-allocator-block-size=2097152"
    "memorysetup-job-temp-allocator-block-size-background=1048576"
    "memorysetup-job-temp-allocator-reduction-small-platforms=262144"
    "memorysetup-temp-allocator-size-background-worker=32768"
    "memorysetup-temp-allocator-size-job-worker=262144"
    "memorysetup-temp-allocator-size-preload-manager=33554432"
    "memorysetup-temp-allocator-size-nav-mesh-worker=65536"
    "memorysetup-temp-allocator-size-audio-worker=65536"
    "memorysetup-temp-allocator-size-cloud-worker=32768"
    "memorysetup-temp-allocator-size-gi-baking-worker=262144"
    "memorysetup-temp-allocator-size-gfx=262144"
Refreshing native plugins compatible for Editor in 98.15 ms, found 3 plugins.
Preloading 0 native plugins for Editor in 0.00 ms.
Initialize engine version: 2022.1.23f1 (9636b062134a)
[Subsystems] Discovering subsystems at path C:/Program Files/Unity/Hub/Editor/2022.1.23f1/Editor/Data/Resources/UnitySubsystems
[Subsystems] Discovering subsystems at path D:/Projetos Unity/Pinguin-game/Pingu/Assets
GfxDevice: creating device client; threaded=0; jobified=0
Direct3D:
    Version:  Direct3D 11.0 [level 11.1]
    Renderer: Radeon RX 580 Series (ID=0x67df)
    Vendor:   ATI
    VRAM:     8170 MB
    Driver:   30.0.15021.11005
Initialize mono
Mono path[0] = 'C:/Program Files/Unity/Hub/Editor/2022.1.23f1/Editor/Data/Managed'
Mono path[1] = 'C:/Program Files/Unity/Hub/Editor/2022.1.23f1/Editor/Data/MonoBleedingEdge/lib/mono/unityjit-win32'
Mono config path = 'C:/Program Files/Unity/Hub/Editor/2022.1.23f1/Editor/Data/MonoBleedingEdge/etc'
Using monoOptions --debugger-agent=transport=dt_socket,embedding=1,server=y,suspend=n,address=127.0.0.1:56532
Begin MonoManager ReloadAssembly
Registering precompiled unity dll's ...
Register platform support module: C:/Program Files/Unity/Hub/Editor/2022.1.23f1/Editor/Data/PlaybackEngines/WindowsStandaloneSupport/UnityEditor.WindowsStandalone.Extensions.dll
Registered in 0.011380 seconds.
Native extension for WindowsStandalone target not found
Refreshing native plugins compatible for Editor in 95.89 ms, found 3 plugins.
Preloading 0 native plugins for Editor in 0.00 ms.
Mono: successfully reloaded assembly
- Completed reload, in  0.822 seconds
Domain Reload Profiling:
	ReloadAssembly (823ms)
		BeginReloadAssembly (100ms)
			ExecutionOrderSort (0ms)
			DisableScriptedObjects (0ms)
			BackupInstance (0ms)
			ReleaseScriptingObjects (0ms)
			CreateAndSetChildDomain (1ms)
		EndReloadAssembly (578ms)
			LoadAssemblies (96ms)
			RebuildTransferFunctionScriptingTraits (0ms)
			SetupTypeCache (145ms)
				TypeCache.Initialize (144ms)
					TypeCache.ScanAssembly (142ms)
				ResolveRequiredComponents (1ms)
			ReleaseScriptCaches (0ms)
			RebuildScriptCaches (38ms)
			SetupLoadedEditorAssemblies (319ms)
				LogAssemblyErrors (0ms)
				InitializePlatformSupportModulesInManaged (11ms)
				SetLoadedEditorAssemblies (7ms)
				RefreshPlugins (96ms)
				BeforeProcessingInitializeOnLoad (1ms)
				ProcessInitializeOnLoadAttributes (151ms)
				ProcessInitializeOnLoadMethodAttributes (52ms)
				AfterProcessingInitializeOnLoad (0ms)
				EditorAssembliesLoaded (0ms)
			ExecutionOrderSort2 (0ms)
			AwakeInstancesAfterBackupRestoration (0ms)
Platform modules already initialized, skipping
Registering precompiled user dll's ...
Registered in 0.007296 seconds.
Begin MonoManager ReloadAssembly
Symbol file LoadedFromMemory doesn't match image D:\Projetos Unity\Pinguin-game\Pingu\Library\PackageCache\com.unity.visualscripting@1.7.8\Editor\VisualScripting.Core\Dependencies\YamlDotNet\Unity.VisualScripting.YamlDotNet.dll
Symbol file LoadedFromMemory doesn't match image D:\Projetos Unity\Pinguin-game\Pingu\Library\PackageCache\com.unity.visualscripting@1.7.8\Editor\VisualScripting.Core\Dependencies\DotNetZip\Unity.VisualScripting.IonicZip.dll
Native extension for WindowsStandalone target not found
Refreshing native plugins compatible for Editor in 0.73 ms, found 3 plugins.
Preloading 0 native plugins for Editor in 0.00 ms.
Mono: successfully reloaded assembly
- Completed reload, in  1.269 seconds
Domain Reload Profiling:
	ReloadAssembly (1270ms)
		BeginReloadAssembly (141ms)
			ExecutionOrderSort (0ms)
			DisableScriptedObjects (7ms)
			BackupInstance (0ms)
			ReleaseScriptingObjects (0ms)
			CreateAndSetChildDomain (21ms)
		EndReloadAssembly (987ms)
			LoadAssemblies (111ms)
			RebuildTransferFunctionScriptingTraits (0ms)
			SetupTypeCache (321ms)
				TypeCache.Initialize (315ms)
					TypeCache.ScanAssembly (311ms)
				ResolveRequiredComponents (6ms)
			ReleaseScriptCaches (1ms)
			RebuildScriptCaches (63ms)
			SetupLoadedEditorAssemblies (445ms)
				LogAssemblyErrors (0ms)
				InitializePlatformSupportModulesInManaged (8ms)
				SetLoadedEditorAssemblies (6ms)
				RefreshPlugins (1ms)
				BeforeProcessingInitializeOnLoad (96ms)
				ProcessInitializeOnLoadAttributes (292ms)
				ProcessInitializeOnLoadMethodAttributes (28ms)
				AfterProcessingInitializeOnLoad (13ms)
				EditorAssembliesLoaded (0ms)
			ExecutionOrderSort2 (0ms)
			AwakeInstancesAfterBackupRestoration (7ms)
Platform modules already initialized, skipping
========================================================================
Worker process is ready to serve import requests
Launched and connected shader compiler UnityShaderCompiler.exe after 0.09 seconds
Refreshing native plugins compatible for Editor in 0.67 ms, found 3 plugins.
Preloading 0 native plugins for Editor in 0.00 ms.
Unloading 3683 Unused Serialized files (Serialized files now loaded: 0)
Unloading 51 unused Assets / (1.4 MB). Loaded Objects now: 4131.
Memory consumption went from 0.56 GB to 0.56 GB.
Total: 4.083800 ms (FindLiveObjects: 0.313300 ms CreateObjectMapping: 0.095400 ms MarkObjects: 3.311300 ms  DeleteObjects: 0.362400 ms)

AssetImportParameters requested are different than current active one (requested -> active):
  custom:video-decoder-ogg-theora: a1e56fd34408186e4bbccfd4996cb3dc -> 
  custom:container-muxer-webm: aa71ff27fc2769a1b78a27578f13a17b -> 
  custom:container-demuxer-webm: 4f35f7cbe854078d1ac9338744f61a02 -> 
  custom:video-encoder-webm-vp8: eb34c28f22e8b96e1ab97ce403110664 -> 
  custom:audio-encoder-webm-vorbis: bf7c407c2cedff20999df2af8eb42d56 -> 
  custom:framework-win-MediaFoundation: 216162199b28c13a410421893ffa2e32 -> 
  custom:container-demuxer-ogg: 62fdf1f143b41e24485cea50d1cbac27 -> 
  custom:video-decoder-webm-vp8: 9c59270c3fd7afecdb556c50c9e8de78 -> 
  custom:audio-decoder-ogg-vorbis: bf7c407c2cedff20999df2af8eb42d56 -> 
========================================================================
Received Import Request.
  Time since last request: 59047.196082 seconds.
  path: Assets/Models/Scene Objects/model/textures/Doorway2_normal.png
  artifactKey: Guid(9750de509a4b2f14c86717fe7c666bbb) Importer(815301076,1909f56bfc062723c751e8b465ee728b)
Start importing Assets/Models/Scene Objects/model/textures/Doorway2_normal.png using Guid(9750de509a4b2f14c86717fe7c666bbb) Importer(815301076,1909f56bfc062723c751e8b465ee728b)  -> (artifact id: '59a4d55104a38d0e6840b550bbc15371') in 0.126987 seconds 
========================================================================
Received Import Request.
  Time since last request: 34.515448 seconds.
  path: Assets/Models/Scene Objects/model/textures/Emissive_normal.png
  artifactKey: Guid(d8256b76de65884478c6464c53a9ae00) Importer(815301076,1909f56bfc062723c751e8b465ee728b)
Start importing Assets/Models/Scene Objects/model/textures/Emissive_normal.png using Guid(d8256b76de65884478c6464c53a9ae00) Importer(815301076,1909f56bfc062723c751e8b465ee728b)  -> (artifact id: '80668c6e780108e8485cdb3d4e98af26') in 0.017292 seconds 
========================================================================
Received Import Request.
  Time since last request: 25.011032 seconds.
  path: Assets/Models/Scene Objects/model/textures/Floor_normal.png
  artifactKey: Guid(61e675dd87d016b4eb660fa0597564a9) Importer(815301076,1909f56bfc062723c751e8b465ee728b)
Start importing Assets/Models/Scene Objects/model/textures/Floor_normal.png using Guid(61e675dd87d016b4eb660fa0597564a9) Importer(815301076,1909f56bfc062723c751e8b465ee728b)  -> (artifact id: '2d204f18fa79129f1944c1f5e19cc277') in 0.015883 seconds 
========================================================================
Received Import Request.
  Time since last request: 25.128332 seconds.
  path: Assets/Models/Scene Objects/model/textures/FrontWall_01_normal.png
  artifactKey: Guid(c5865c3a34cd76a40a89a4c34f9e0c83) Importer(815301076,1909f56bfc062723c751e8b465ee728b)
Start importing Assets/Models/Scene Objects/model/textures/FrontWall_01_normal.png using Guid(c5865c3a34cd76a40a89a4c34f9e0c83) Importer(815301076,1909f56bfc062723c751e8b465ee728b)  -> (artifact id: '32a5ca0bbd9a4429bcc7e9f8a3eb609a') in 0.018659 seconds 
========================================================================
Received Import Request.
  Time since last request: 78.289928 seconds.
  path: Assets/Models/Scene Objects/model/textures/MetalParts_normal.png
  artifactKey: Guid(7319f01eaf0e73149834284146507b76) Importer(815301076,1909f56bfc062723c751e8b465ee728b)
Start importing Assets/Models/Scene Objects/model/textures/MetalParts_normal.png using Guid(7319f01eaf0e73149834284146507b76) Importer(815301076,1909f56bfc062723c751e8b465ee728b)  -> (artifact id: 'dbf4877e7c85342e438910364c4aaca2') in 0.017303 seconds 
========================================================================
Received Import Request.
  Time since last request: 35.413880 seconds.
  path: Assets/Models/Scene Objects/model/textures/PIllar_w_Wall_normal.png
  artifactKey: Guid(3f867797f25a0c44fa5df1a34907621c) Importer(815301076,1909f56bfc062723c751e8b465ee728b)
Start importing Assets/Models/Scene Objects/model/textures/PIllar_w_Wall_normal.png using Guid(3f867797f25a0c44fa5df1a34907621c) Importer(815301076,1909f56bfc062723c751e8b465ee728b)  -> (artifact id: '7045f2af9fa6cddb26098ef35ae76aaa') in 0.017471 seconds 
========================================================================
Received Import Request.
  Time since last request: 16.218976 seconds.
  path: Assets/Models/Scene Objects/model/textures/Roof_normal.png
  artifactKey: Guid(b4636cc8ae084ab4e91e65b67430c6fc) Importer(815301076,1909f56bfc062723c751e8b465ee728b)
Start importing Assets/Models/Scene Objects/model/textures/Roof_normal.png using Guid(b4636cc8ae084ab4e91e65b67430c6fc) Importer(815301076,1909f56bfc062723c751e8b465ee728b)  -> (artifact id: '372b0b1e9399b6244e175c71eead6cda') in 0.017615 seconds 
========================================================================
Received Import Request.
  Time since last request: 21.389437 seconds.
  path: Assets/Models/Scene Objects/model/textures/Window2_normal.png
  artifactKey: Guid(55ffe093c0605d040b86a06397d2f464) Importer(815301076,1909f56bfc062723c751e8b465ee728b)
Start importing Assets/Models/Scene Objects/model/textures/Window2_normal.png using Guid(55ffe093c0605d040b86a06397d2f464) Importer(815301076,1909f56bfc062723c751e8b465ee728b)  -> (artifact id: 'aa654d639930645b60fe2140d30c6436') in 0.019785 seconds 
========================================================================
Received Import Request.
  Time since last request: 61.277846 seconds.
  path: Assets/Models/Scene Objects/model/ScienceLab.dae
  artifactKey: Guid(b36d6f40a9fed7540ad212a4fe6ff0b1) Importer(815301076,1909f56bfc062723c751e8b465ee728b)
Start importing Assets/Models/Scene Objects/model/ScienceLab.dae using Guid(b36d6f40a9fed7540ad212a4fe6ff0b1) Importer(815301076,1909f56bfc062723c751e8b465ee728b)  -> (artifact id: '2beae633ba101cb9ec6855d853a4ec76') in 0.331948 seconds 
========================================================================
Received Import Request.
  Time since last request: 1141.779098 seconds.
  path: Assets/Models/Scene Objects/AutopsyLab.blend
  artifactKey: Guid(09ccd4c068728a84a8170a16cef0ce2d) Importer(815301076,1909f56bfc062723c751e8b465ee728b)
Start importing Assets/Models/Scene Objects/AutopsyLab.blend using Guid(09ccd4c068728a84a8170a16cef0ce2d) Importer(815301076,1909f56bfc062723c751e8b465ee728b)  -> (artifact id: '0481bc1f7eaca0a9b4cb4b517a79fc32') in 0.351525 seconds 
========================================================================
Received Import Request.
  Time since last request: 286.785993 seconds.
  path: Assets/Models/Scene Objects/AutopsyLab
  artifactKey: Guid(aba89dd7f52f8d94aa519c6a6f6a5500) Importer(815301076,1909f56bfc062723c751e8b465ee728b)
Start importing Assets/Models/Scene Objects/AutopsyLab using Guid(aba89dd7f52f8d94aa519c6a6f6a5500) Importer(815301076,1909f56bfc062723c751e8b465ee728b)  -> (artifact id: '6fba92e93615397d070273273690ae9e') in 0.002750 seconds 
========================================================================
Received Import Request.
  Time since last request: 8.542007 seconds.
  path: Assets/Models/Scene Objects/AutopsyLab/AutopsyLab.blend
  artifactKey: Guid(4a39b9e973341b246b08d7a4421591c1) Importer(815301076,1909f56bfc062723c751e8b465ee728b)
Start importing Assets/Models/Scene Objects/AutopsyLab/AutopsyLab.blend using Guid(4a39b9e973341b246b08d7a4421591c1) Importer(815301076,1909f56bfc062723c751e8b465ee728b)  -> (artifact id: 'b8621d8c85cf9ff99dac50b32de847bf') in 0.292242 seconds 
========================================================================
Received Import Request.
  Time since last request: 29.115283 seconds.
  path: Assets/Models/Scene Objects/AutopsyLab/AutopsyLab.blend
  artifactKey: Guid(4a39b9e973341b246b08d7a4421591c1) Importer(815301076,1909f56bfc062723c751e8b465ee728b)
Start importing Assets/Models/Scene Objects/AutopsyLab/AutopsyLab.blend using Guid(4a39b9e973341b246b08d7a4421591c1) Importer(815301076,1909f56bfc062723c751e8b465ee728b)  -> (artifact id: '36a89133c3150b718df11eee3c781cda') in 0.318534 seconds 
========================================================================
Received Import Request.
  Time since last request: 8.604862 seconds.
  path: Assets/Models/Scene Objects/AutopsyLab/AutopsyLab.blend
  artifactKey: Guid(4a39b9e973341b246b08d7a4421591c1) Importer(815301076,1909f56bfc062723c751e8b465ee728b)
Start importing Assets/Models/Scene Objects/AutopsyLab/AutopsyLab.blend using Guid(4a39b9e973341b246b08d7a4421591c1) Importer(815301076,1909f56bfc062723c751e8b465ee728b)  -> (artifact id: '5fc8aae78d1c03dc1f2662cb22230bb1') in 0.353994 seconds 
========================================================================
Received Import Request.
  Time since last request: 8.131990 seconds.
  path: Assets/Models/Scene Objects/AutopsyLab/AutopsyLab.blend
  artifactKey: Guid(4a39b9e973341b246b08d7a4421591c1) Importer(815301076,1909f56bfc062723c751e8b465ee728b)
Start importing Assets/Models/Scene Objects/AutopsyLab/AutopsyLab.blend using Guid(4a39b9e973341b246b08d7a4421591c1) Importer(815301076,1909f56bfc062723c751e8b465ee728b)  -> (artifact id: 'bfcaf47249a5c92b022fea38d0d64a2b') in 0.309940 seconds 
========================================================================
Received Import Request.
  Time since last request: 0.523659 seconds.
  path: Assets/Models/Scene Objects/AutopsyLab/textures
  artifactKey: Guid(7ac9215ec911c754397c695a6fefce8b) Importer(815301076,1909f56bfc062723c751e8b465ee728b)
Start importing Assets/Models/Scene Objects/AutopsyLab/textures using Guid(7ac9215ec911c754397c695a6fefce8b) Importer(815301076,1909f56bfc062723c751e8b465ee728b)  -> (artifact id: '45492bba8d7e44b8819cae6edd891a62') in 0.002358 seconds 
========================================================================
Received Import Request.
  Time since last request: 2.222920 seconds.
  path: Assets/Models/Scene Objects/AutopsyLab/textures/ChemLab_1024.mat
  artifactKey: Guid(f564cde8a4614604c892ddd6e0e75344) Importer(815301076,1909f56bfc062723c751e8b465ee728b)
Start importing Assets/Models/Scene Objects/AutopsyLab/textures/ChemLab_1024.mat using Guid(f564cde8a4614604c892ddd6e0e75344) Importer(815301076,1909f56bfc062723c751e8b465ee728b)  -> (artifact id: '614d26ccb43a429135eef18260e77a43') in 0.017634 seconds 
========================================================================
Received Import Request.
  Time since last request: 0.000028 seconds.
  path: Assets/Models/Scene Objects/AutopsyLab/textures/ChemLab_1024_Colour-ChemLab_1024_Opacity.png
  artifactKey: Guid(d2a422a7982f9e240b66cf1b306767f7) Importer(815301076,1909f56bfc062723c751e8b465ee728b)
Start importing Assets/Models/Scene Objects/AutopsyLab/textures/ChemLab_1024_Colour-ChemLab_1024_Opacity.png using Guid(d2a422a7982f9e240b66cf1b306767f7) Importer(815301076,1909f56bfc062723c751e8b465ee728b)  -> (artifact id: '8de0b37893213e3078e9f77301b72eca') in 0.022915 seconds 
========================================================================
Received Import Request.
  Time since last request: 0.000028 seconds.
  path: Assets/Models/Scene Objects/AutopsyLab/textures/MedicalLight_1024.mat
  artifactKey: Guid(8ba7b0816454a6d41851208cf2f26352) Importer(815301076,1909f56bfc062723c751e8b465ee728b)
Start importing Assets/Models/Scene Objects/AutopsyLab/textures/MedicalLight_1024.mat using Guid(8ba7b0816454a6d41851208cf2f26352) Importer(815301076,1909f56bfc062723c751e8b465ee728b)  -> (artifact id: '7f14d8228a3348c251db5512de639ddb') in 0.016251 seconds 
========================================================================
Received Import Request.
  Time since last request: 0.000027 seconds.
  path: Assets/Models/Scene Objects/AutopsyLab/textures/CurtainDripper_2048.mat
  artifactKey: Guid(456b68bb3dbce594eb4de5889ebb3f80) Importer(815301076,1909f56bfc062723c751e8b465ee728b)
Start importing Assets/Models/Scene Objects/AutopsyLab/textures/CurtainDripper_2048.mat using Guid(456b68bb3dbce594eb4de5889ebb3f80) Importer(815301076,1909f56bfc062723c751e8b465ee728b)  -> (artifact id: 'ee006ac54bc0a26303accdc6b1948cd5') in 0.017904 seconds 
========================================================================
Received Import Request.
  Time since last request: 0.000039 seconds.
  path: Assets/Models/Scene Objects/AutopsyLab/textures/CurtainDripper_2048_ARM_JPEG@channels=B.jpeg
  artifactKey: Guid(ea4d9135f345cb340ad449eea59d2300) Importer(815301076,1909f56bfc062723c751e8b465ee728b)
Start importing Assets/Models/Scene Objects/AutopsyLab/textures/CurtainDripper_2048_ARM_JPEG@channels=B.jpeg using Guid(ea4d9135f345cb340ad449eea59d2300) Importer(815301076,1909f56bfc062723c751e8b465ee728b)  -> (artifact id: 'bb25d7fa6c4df135d4b81c337925c1f5') in 0.017742 seconds 
========================================================================
Received Import Request.
  Time since last request: 0.000042 seconds.
  path: Assets/Models/Scene Objects/AutopsyLab/textures/DissectionTable_2048_Colour.jpeg
  artifactKey: Guid(9ec599b0d616e6448bcf619a7f8debac) Importer(815301076,1909f56bfc062723c751e8b465ee728b)
Start importing Assets/Models/Scene Objects/AutopsyLab/textures/DissectionTable_2048_Colour.jpeg using Guid(9ec599b0d616e6448bcf619a7f8debac) Importer(815301076,1909f56bfc062723c751e8b465ee728b)  -> (artifact id: '77fd7d45b855f1761d8c2bff2466b38f') in 0.019108 seconds 
========================================================================
Received Import Request.
  Time since last request: 0.000034 seconds.
  path: Assets/Models/Scene Objects/AutopsyLab/textures/MedicalLight_1024_ARM_JPEG@channels=B.jpeg
  artifactKey: Guid(951d6d22202ffa340bc6aed00079eb4d) Importer(815301076,1909f56bfc062723c751e8b465ee728b)
Start importing Assets/Models/Scene Objects/AutopsyLab/textures/MedicalLight_1024_ARM_JPEG@channels=B.jpeg using Guid(951d6d22202ffa340bc6aed00079eb4d) Importer(815301076,1909f56bfc062723c751e8b465ee728b)  -> (artifact id: '27a46b7152dfdb134fe70d34ba6d3070') in 0.020586 seconds 
========================================================================
Received Import Request.
  Time since last request: 0.000033 seconds.
  path: Assets/Models/Scene Objects/AutopsyLab/textures/DissectionTable_2048.mat
  artifactKey: Guid(5d8de1867d6dac14283e6888b13f15eb) Importer(815301076,1909f56bfc062723c751e8b465ee728b)
Start importing Assets/Models/Scene Objects/AutopsyLab/textures/DissectionTable_2048.mat using Guid(5d8de1867d6dac14283e6888b13f15eb) Importer(815301076,1909f56bfc062723c751e8b465ee728b)  -> (artifact id: '6c70151f80857d2776c6e057805ee1c4') in 0.018352 seconds 
========================================================================
Received Import Request.
  Time since last request: 0.000037 seconds.
  path: Assets/Models/Scene Objects/AutopsyLab/textures/ChemLab_1024_Normal_OGL_JPEG.jpeg
  artifactKey: Guid(a055c606f60759342bd787ade6245a4b) Importer(815301076,1909f56bfc062723c751e8b465ee728b)
Start importing Assets/Models/Scene Objects/AutopsyLab/textures/ChemLab_1024_Normal_OGL_JPEG.jpeg using Guid(a055c606f60759342bd787ade6245a4b) Importer(815301076,1909f56bfc062723c751e8b465ee728b)  -> (artifact id: 'c30f5048aacdbc8edaa1633389d58c9d') in 0.022533 seconds 
========================================================================
Received Import Request.
  Time since last request: 0.000047 seconds.
  path: Assets/Models/Scene Objects/AutopsyLab/textures/MedicalLight_1024_Colour-MedicalLight_1024_Opacity.png
  artifactKey: Guid(1a96557366e5c2442947c0b6ffaea6dc) Importer(815301076,1909f56bfc062723c751e8b465ee728b)
Start importing Assets/Models/Scene Objects/AutopsyLab/textures/MedicalLight_1024_Colour-MedicalLight_1024_Opacity.png using Guid(1a96557366e5c2442947c0b6ffaea6dc) Importer(815301076,1909f56bfc062723c751e8b465ee728b)  -> (artifact id: '7632408b2aabc80b9c8e10b5e6b25026') in 0.054829 seconds 
========================================================================
Received Import Request.
  Time since last request: 0.000036 seconds.
  path: Assets/Models/Scene Objects/AutopsyLab/textures/DissectionTable_2048_ARM_JPEG@channels=B.jpeg
  artifactKey: Guid(9d903130743c7f6419c141d3035069ce) Importer(815301076,1909f56bfc062723c751e8b465ee728b)
Start importing Assets/Models/Scene Objects/AutopsyLab/textures/DissectionTable_2048_ARM_JPEG@channels=B.jpeg using Guid(9d903130743c7f6419c141d3035069ce) Importer(815301076,1909f56bfc062723c751e8b465ee728b)  -> (artifact id: '00b136532e72d9f1f0aaf4479c103be1') in 0.017941 seconds 
========================================================================
Received Import Request.
  Time since last request: 0.000025 seconds.
  path: Assets/Models/Scene Objects/AutopsyLab/textures/DissectionTable_2048_Normal_OGL_JPEG.jpeg
  artifactKey: Guid(298ee1a200cbd6a46a4d1732d628ac52) Importer(815301076,1909f56bfc062723c751e8b465ee728b)
Start importing Assets/Models/Scene Objects/AutopsyLab/textures/DissectionTable_2048_Normal_OGL_JPEG.jpeg using Guid(298ee1a200cbd6a46a4d1732d628ac52) Importer(815301076,1909f56bfc062723c751e8b465ee728b)  -> (artifact id: 'a65236004637c71314c4f28bfc0563fe') in 0.017875 seconds 
========================================================================
Received Import Request.
  Time since last request: 37.214533 seconds.
  path: Assets/Models/Scene Objects/AutopsyLab/textures/ChemLab_1024_Normal_OGL_JPEG.jpeg
  artifactKey: Guid(a055c606f60759342bd787ade6245a4b) Importer(815301076,1909f56bfc062723c751e8b465ee728b)
Start importing Assets/Models/Scene Objects/AutopsyLab/textures/ChemLab_1024_Normal_OGL_JPEG.jpeg using Guid(a055c606f60759342bd787ade6245a4b) Importer(815301076,1909f56bfc062723c751e8b465ee728b)  -> (artifact id: '21daa6a38cb54ba910f8aaae24e8c6b4') in 0.016420 seconds 
========================================================================
Received Import Request.
  Time since last request: 38.615734 seconds.
  path: Assets/Models/Scene Objects/AutopsyLab/textures/CurtainDripper_2048_Normal_OGL_JPEG.jpeg
  artifactKey: Guid(f628ee295c44bca49903c9084f81a7aa) Importer(815301076,1909f56bfc062723c751e8b465ee728b)
Start importing Assets/Models/Scene Objects/AutopsyLab/textures/CurtainDripper_2048_Normal_OGL_JPEG.jpeg using Guid(f628ee295c44bca49903c9084f81a7aa) Importer(815301076,1909f56bfc062723c751e8b465ee728b)  -> (artifact id: '55c1c36586772e9744ef3115fb04132f') in 0.017233 seconds 
========================================================================
Received Import Request.
  Time since last request: 40.182203 seconds.
  path: Assets/Models/Scene Objects/AutopsyLab/textures/DissectionTable_2048_Normal_OGL_JPEG.jpeg
  artifactKey: Guid(298ee1a200cbd6a46a4d1732d628ac52) Importer(815301076,1909f56bfc062723c751e8b465ee728b)
Start importing Assets/Models/Scene Objects/AutopsyLab/textures/DissectionTable_2048_Normal_OGL_JPEG.jpeg using Guid(298ee1a200cbd6a46a4d1732d628ac52) Importer(815301076,1909f56bfc062723c751e8b465ee728b)  -> (artifact id: '91b342c59edee693ecaac19fcff556fd') in 0.024274 seconds 
========================================================================
Received Import Request.
  Time since last request: 31.404945 seconds.
  path: Assets/Models/Scene Objects/AutopsyLab/textures/MedicalLight_1024_Normal_OGL_JPEG.jpeg
  artifactKey: Guid(e1630b8c218a98a4fbdbdc77fb2ca291) Importer(815301076,1909f56bfc062723c751e8b465ee728b)
Start importing Assets/Models/Scene Objects/AutopsyLab/textures/MedicalLight_1024_Normal_OGL_JPEG.jpeg using Guid(e1630b8c218a98a4fbdbdc77fb2ca291) Importer(815301076,1909f56bfc062723c751e8b465ee728b)  -> (artifact id: '35e3dce86876c114049379e0def38fd6') in 0.016870 seconds 
========================================================================
Received Import Request.
  Time since last request: 39.336354 seconds.
  path: Assets/Models/Scene Objects/toolBox_all.fbx
  artifactKey: Guid(a7947e49dcaebbf4c822864a1b3d4e05) Importer(815301076,1909f56bfc062723c751e8b465ee728b)
Start importing Assets/Models/Scene Objects/toolBox_all.fbx using Guid(a7947e49dcaebbf4c822864a1b3d4e05) Importer(815301076,1909f56bfc062723c751e8b465ee728b)  -> (artifact id: 'c08ab989687ddbaa393aa8b29cff83d7') in 0.990575 seconds 
========================================================================
Received Import Request.
  Time since last request: 94.911959 seconds.
  path: Assets/Models/Scene Objects/ToolBox
  artifactKey: Guid(8fc7e9b19b31f2c42937a24a648629cc) Importer(815301076,1909f56bfc062723c751e8b465ee728b)
Start importing Assets/Models/Scene Objects/ToolBox using Guid(8fc7e9b19b31f2c42937a24a648629cc) Importer(815301076,1909f56bfc062723c751e8b465ee728b)  -> (artifact id: 'bccf5fe188adc2590197a3877cb0e196') in 0.006606 seconds 
========================================================================
Received Import Request.
  Time since last request: 5.362578 seconds.
  path: Assets/Models/Scene Objects/ToolBox/toolBox_all.fbx
  artifactKey: Guid(376b81335ef30d448a44b8a8a152c315) Importer(815301076,1909f56bfc062723c751e8b465ee728b)
Start importing Assets/Models/Scene Objects/ToolBox/toolBox_all.fbx using Guid(376b81335ef30d448a44b8a8a152c315) Importer(815301076,1909f56bfc062723c751e8b465ee728b)  -> (artifact id: 'abca1f86cb28048a703afb3040f6ff3a') in 0.791230 seconds 
========================================================================
Received Import Request.
  Time since last request: 15.881838 seconds.
  path: Assets/Models/Scene Objects/ToolBox/toolBox_all.fbx
  artifactKey: Guid(376b81335ef30d448a44b8a8a152c315) Importer(815301076,1909f56bfc062723c751e8b465ee728b)
Start importing Assets/Models/Scene Objects/ToolBox/toolBox_all.fbx using Guid(376b81335ef30d448a44b8a8a152c315) Importer(815301076,1909f56bfc062723c751e8b465ee728b)  -> (artifact id: '9bbb9bca4a920dde2f235177b30f87e3') in 0.663630 seconds 
========================================================================
Received Import Request.
  Time since last request: 1.390273 seconds.
  path: Assets/Models/Scene Objects/ToolBox/textures
  artifactKey: Guid(628c5def6147b0c408a41758b825c04d) Importer(815301076,1909f56bfc062723c751e8b465ee728b)
Start importing Assets/Models/Scene Objects/ToolBox/textures using Guid(628c5def6147b0c408a41758b825c04d) Importer(815301076,1909f56bfc062723c751e8b465ee728b)  -> (artifact id: 'ecf7660da9192141792c08e8d1e1fd27') in 0.002522 seconds 
========================================================================
Received Import Request.
  Time since last request: 0.054548 seconds.
  path: Assets/Models/Scene Objects/ToolBox/textures/Case_main_metallic.jpg
  artifactKey: Guid(7f00e65beabf6784aa401eadc8484045) Importer(815301076,1909f56bfc062723c751e8b465ee728b)
Start importing Assets/Models/Scene Objects/ToolBox/textures/Case_main_metallic.jpg using Guid(7f00e65beabf6784aa401eadc8484045) Importer(815301076,1909f56bfc062723c751e8b465ee728b)  -> (artifact id: 'ce5e84679768df8fdabc8293cab4cd41') in 0.025267 seconds 
========================================================================
Received Import Request.
  Time since last request: 0.000026 seconds.
  path: Assets/Models/Scene Objects/ToolBox/textures/MedBox_roughness.jpg
  artifactKey: Guid(4bc7ec8fc442b1545b8562a40149f43e) Importer(815301076,1909f56bfc062723c751e8b465ee728b)
Start importing Assets/Models/Scene Objects/ToolBox/textures/MedBox_roughness.jpg using Guid(4bc7ec8fc442b1545b8562a40149f43e) Importer(815301076,1909f56bfc062723c751e8b465ee728b)  -> (artifact id: 'c81276fb9df82ce818c45b78ea72b6df') in 0.018753 seconds 
========================================================================
Received Import Request.
  Time since last request: 0.000028 seconds.
  path: Assets/Models/Scene Objects/ToolBox/textures/DefaultMaterial_roughness.jpg
  artifactKey: Guid(b97b13adeef805b4083a958ff4918c18) Importer(815301076,1909f56bfc062723c751e8b465ee728b)
Start importing Assets/Models/Scene Objects/ToolBox/textures/DefaultMaterial_roughness.jpg using Guid(b97b13adeef805b4083a958ff4918c18) Importer(815301076,1909f56bfc062723c751e8b465ee728b)  -> (artifact id: '7d0ac18adf7c740f86e41cd33feb7120') in 0.025433 seconds 
========================================================================
Received Import Request.
  Time since last request: 0.000028 seconds.
  path: Assets/Models/Scene Objects/ToolBox/textures/ToolBox_AO.jpg
  artifactKey: Guid(6263633d0d1ff7e4faa88e5d5ac89530) Importer(815301076,1909f56bfc062723c751e8b465ee728b)
Start importing Assets/Models/Scene Objects/ToolBox/textures/ToolBox_AO.jpg using Guid(6263633d0d1ff7e4faa88e5d5ac89530) Importer(815301076,1909f56bfc062723c751e8b465ee728b)  -> (artifact id: 'f007bf062b737f22f0acd24737c0f0ab') in 0.019088 seconds 
========================================================================
Received Import Request.
  Time since last request: 0.000030 seconds.
  path: Assets/Models/Scene Objects/ToolBox/textures/SmallBox_roughness.jpg
  artifactKey: Guid(96f3cfb89c7658f449d0c11868d446bf) Importer(815301076,1909f56bfc062723c751e8b465ee728b)
Start importing Assets/Models/Scene Objects/ToolBox/textures/SmallBox_roughness.jpg using Guid(96f3cfb89c7658f449d0c11868d446bf) Importer(815301076,1909f56bfc062723c751e8b465ee728b)  -> (artifact id: '7360fae132ca23179cc118ae910dfa40') in 0.017307 seconds 
========================================================================
Received Import Request.
  Time since last request: 11.782836 seconds.
  path: Assets/Models/Scene Objects/ToolBox/toolBox_all.fbx
  artifactKey: Guid(376b81335ef30d448a44b8a8a152c315) Importer(815301076,1909f56bfc062723c751e8b465ee728b)
Start importing Assets/Models/Scene Objects/ToolBox/toolBox_all.fbx using Guid(376b81335ef30d448a44b8a8a152c315) Importer(815301076,1909f56bfc062723c751e8b465ee728b)  -> (artifact id: '6e45560d6b1d5fa638e90fb74de8c2f6') in 0.667056 seconds 
========================================================================
Received Import Request.
  Time since last request: 3.885854 seconds.
  path: Assets/Models/Scene Objects/ToolBox/toolBox_all.fbx
  artifactKey: Guid(376b81335ef30d448a44b8a8a152c315) Importer(815301076,1909f56bfc062723c751e8b465ee728b)
Start importing Assets/Models/Scene Objects/ToolBox/toolBox_all.fbx using Guid(376b81335ef30d448a44b8a8a152c315) Importer(815301076,1909f56bfc062723c751e8b465ee728b)  -> (artifact id: '113790e203694d7786a68a872ee6ab8b') in 0.639027 seconds 
========================================================================
Received Import Request.
  Time since last request: 4.704607 seconds.
  path: Assets/Models/Scene Objects/ToolBox/toolBox_all.fbx
  artifactKey: Guid(376b81335ef30d448a44b8a8a152c315) Importer(815301076,1909f56bfc062723c751e8b465ee728b)
Start importing Assets/Models/Scene Objects/ToolBox/toolBox_all.fbx using Guid(376b81335ef30d448a44b8a8a152c315) Importer(815301076,1909f56bfc062723c751e8b465ee728b)  -> (artifact id: 'b1dcada3062f8468f7d04a88adbf44e2') in 0.549680 seconds 
========================================================================
Received Import Request.
  Time since last request: 0.539878 seconds.
  path: Assets/Models/Scene Objects/ToolBox/textures/CargoCube_cyb.mat
  artifactKey: Guid(200510e7fdc90ac40a9fa13fa30f7195) Importer(815301076,1909f56bfc062723c751e8b465ee728b)
Start importing Assets/Models/Scene Objects/ToolBox/textures/CargoCube_cyb.mat using Guid(200510e7fdc90ac40a9fa13fa30f7195) Importer(815301076,1909f56bfc062723c751e8b465ee728b)  -> (artifact id: 'de03e1a3c0d0994046f960c31caeede2') in 0.016328 seconds 
========================================================================
Received Import Request.
  Time since last request: 0.000024 seconds.
  path: Assets/Models/Scene Objects/ToolBox/textures/SmallBox_med.mat
  artifactKey: Guid(7777665fc76398a498331d2b57a895c2) Importer(815301076,1909f56bfc062723c751e8b465ee728b)
Start importing Assets/Models/Scene Objects/ToolBox/textures/SmallBox_med.mat using Guid(7777665fc76398a498331d2b57a895c2) Importer(815301076,1909f56bfc062723c751e8b465ee728b)  -> (artifact id: '248ba908341c4645b5c349b694cfa3e6') in 0.018063 seconds 
========================================================================
Received Import Request.
  Time since last request: 0.000026 seconds.
  path: Assets/Models/Scene Objects/ToolBox/textures/MedBox_mil.mat
  artifactKey: Guid(ae3016e3e124a4244a7c8c252bf6c913) Importer(815301076,1909f56bfc062723c751e8b465ee728b)
Start importing Assets/Models/Scene Objects/ToolBox/textures/MedBox_mil.mat using Guid(ae3016e3e124a4244a7c8c252bf6c913) Importer(815301076,1909f56bfc062723c751e8b465ee728b)  -> (artifact id: '743fbe887b02b4c6d9be18df86a78e53') in 0.018492 seconds 
========================================================================
Received Import Request.
  Time since last request: 0.000025 seconds.
  path: Assets/Models/Scene Objects/ToolBox/textures/ToolBox_med.mat
  artifactKey: Guid(e73982f7fa0c8154c9ba0fc6728b9a70) Importer(815301076,1909f56bfc062723c751e8b465ee728b)
Start importing Assets/Models/Scene Objects/ToolBox/textures/ToolBox_med.mat using Guid(e73982f7fa0c8154c9ba0fc6728b9a70) Importer(815301076,1909f56bfc062723c751e8b465ee728b)  -> (artifact id: 'b07aafa008a11174454b352659a81b4d') in 0.017513 seconds 
========================================================================
Received Import Request.
  Time since last request: 0.000036 seconds.
  path: Assets/Models/Scene Objects/ToolBox/textures/ToolBox_cyb.mat
  artifactKey: Guid(7c38691a3d2ac9f4988eab5e03b3197c) Importer(815301076,1909f56bfc062723c751e8b465ee728b)
Start importing Assets/Models/Scene Objects/ToolBox/textures/ToolBox_cyb.mat using Guid(7c38691a3d2ac9f4988eab5e03b3197c) Importer(815301076,1909f56bfc062723c751e8b465ee728b)  -> (artifact id: '79e76df1815402284d5d126c0b05f64f') in 0.019299 seconds 
========================================================================
Received Import Request.
  Time since last request: 0.000021 seconds.
  path: Assets/Models/Scene Objects/ToolBox/textures/Case_glass_med.mat
  artifactKey: Guid(72b9cbf33f160124c95a91affe5251cb) Importer(815301076,1909f56bfc062723c751e8b465ee728b)
Start importing Assets/Models/Scene Objects/ToolBox/textures/Case_glass_med.mat using Guid(72b9cbf33f160124c95a91affe5251cb) Importer(815301076,1909f56bfc062723c751e8b465ee728b)  -> (artifact id: '638efb9e9f2ff5e44ca5f4bcde0d11da') in 0.017384 seconds 
========================================================================
Received Import Request.
  Time since last request: 0.000023 seconds.
  path: Assets/Models/Scene Objects/ToolBox/textures/Case_main_mil.mat
  artifactKey: Guid(a885a72d6233f7d45b95adc8197ca045) Importer(815301076,1909f56bfc062723c751e8b465ee728b)
Start importing Assets/Models/Scene Objects/ToolBox/textures/Case_main_mil.mat using Guid(a885a72d6233f7d45b95adc8197ca045) Importer(815301076,1909f56bfc062723c751e8b465ee728b)  -> (artifact id: '12e03ef01d21867a45f30566bb61bdb2') in 0.018463 seconds 
========================================================================
Received Import Request.
  Time since last request: 0.000023 seconds.
  path: Assets/Models/Scene Objects/ToolBox/textures/SmallBox_mil.mat
  artifactKey: Guid(9785633f7707f034aa7330f6a3540ca5) Importer(815301076,1909f56bfc062723c751e8b465ee728b)
Start importing Assets/Models/Scene Objects/ToolBox/textures/SmallBox_mil.mat using Guid(9785633f7707f034aa7330f6a3540ca5) Importer(815301076,1909f56bfc062723c751e8b465ee728b)  -> (artifact id: 'be6a643f587bcf76dd80aab6c5d7b359') in 0.016905 seconds 
========================================================================
Received Import Request.
  Time since last request: 0.000027 seconds.
  path: Assets/Models/Scene Objects/ToolBox/textures/Case_grid_mil.mat
  artifactKey: Guid(b5848d57ea25126478c927ec2a3bd2f9) Importer(815301076,1909f56bfc062723c751e8b465ee728b)
Start importing Assets/Models/Scene Objects/ToolBox/textures/Case_grid_mil.mat using Guid(b5848d57ea25126478c927ec2a3bd2f9) Importer(815301076,1909f56bfc062723c751e8b465ee728b)  -> (artifact id: '1ae2caff5462134ba48a9f61197c5194') in 0.017134 seconds 
========================================================================
Received Import Request.
  Time since last request: 42.153499 seconds.
  path: Assets/Models/Scene Objects/ToolBox/toolBox_all.fbx
  artifactKey: Guid(376b81335ef30d448a44b8a8a152c315) Importer(815301076,1909f56bfc062723c751e8b465ee728b)
Start importing Assets/Models/Scene Objects/ToolBox/toolBox_all.fbx using Guid(376b81335ef30d448a44b8a8a152c315) Importer(815301076,1909f56bfc062723c751e8b465ee728b)  -> (artifact id: 'd2ee26f71257d39fee07c03c88f1888a') in 1.324750 seconds 
========================================================================
Received Import Request.
  Time since last request: 10.927758 seconds.
  path: Assets/Models/Scene Objects/ToolBox/toolBox_all.fbx
  artifactKey: Guid(376b81335ef30d448a44b8a8a152c315) Importer(815301076,1909f56bfc062723c751e8b465ee728b)
Start importing Assets/Models/Scene Objects/ToolBox/toolBox_all.fbx using Guid(376b81335ef30d448a44b8a8a152c315) Importer(815301076,1909f56bfc062723c751e8b465ee728b)  -> (artifact id: 'efae901797a724ff0eba835cae7cb49e') in 0.651774 seconds 
========================================================================
Received Import Request.
  Time since last request: 0.301327 seconds.
  path: Assets/Models/Scene Objects/ToolBox/textures/Case_main_albedo.jpg
  artifactKey: Guid(a20a77cb1befb11449090bc502697107) Importer(815301076,1909f56bfc062723c751e8b465ee728b)
Start importing Assets/Models/Scene Objects/ToolBox/textures/Case_main_albedo.jpg using Guid(a20a77cb1befb11449090bc502697107) Importer(815301076,1909f56bfc062723c751e8b465ee728b)  -> (artifact id: 'ae4f005a0fddb81d95f089753b58a55e') in 0.021042 seconds 
========================================================================
Received Import Request.
  Time since last request: 0.000021 seconds.
  path: Assets/Models/Scene Objects/ToolBox/textures/DefaultMaterial_albedo.jpg
  artifactKey: Guid(8082bd7c4dfd1fe4ebc6ae408a3c0fce) Importer(815301076,1909f56bfc062723c751e8b465ee728b)
Start importing Assets/Models/Scene Objects/ToolBox/textures/DefaultMaterial_albedo.jpg using Guid(8082bd7c4dfd1fe4ebc6ae408a3c0fce) Importer(815301076,1909f56bfc062723c751e8b465ee728b)  -> (artifact id: '75a67563c49c9aec75235e69ffce3e75') in 0.068673 seconds 
========================================================================
Received Import Request.
  Time since last request: 0.000034 seconds.
  path: Assets/Models/Scene Objects/ToolBox/textures/ToolBox_albedo.jpg
  artifactKey: Guid(4c2ceaed18b5c6444990fb3eb5c91361) Importer(815301076,1909f56bfc062723c751e8b465ee728b)
Start importing Assets/Models/Scene Objects/ToolBox/textures/ToolBox_albedo.jpg using Guid(4c2ceaed18b5c6444990fb3eb5c91361) Importer(815301076,1909f56bfc062723c751e8b465ee728b)  -> (artifact id: '312f0730b1cc681310e5c6377ceb45c1') in 0.023429 seconds 
========================================================================
Received Import Request.
  Time since last request: 0.000027 seconds.
  path: Assets/Models/Scene Objects/ToolBox/textures/MedBox_metallic.jpg
  artifactKey: Guid(fd3f3c672b9c593449e28e2a8b32ef6f) Importer(815301076,1909f56bfc062723c751e8b465ee728b)
Start importing Assets/Models/Scene Objects/ToolBox/textures/MedBox_metallic.jpg using Guid(fd3f3c672b9c593449e28e2a8b32ef6f) Importer(815301076,1909f56bfc062723c751e8b465ee728b)  -> (artifact id: '37214af78f77887633add60932733b83') in 0.020425 seconds 
========================================================================
Received Import Request.
  Time since last request: 0.000054 seconds.
  path: Assets/Models/Scene Objects/ToolBox/textures/Case_main_normal.png
  artifactKey: Guid(a15e17992b518c44f9de1058bb81fd01) Importer(815301076,1909f56bfc062723c751e8b465ee728b)
Start importing Assets/Models/Scene Objects/ToolBox/textures/Case_main_normal.png using Guid(a15e17992b518c44f9de1058bb81fd01) Importer(815301076,1909f56bfc062723c751e8b465ee728b)  -> (artifact id: '04c07d05d1cf5e1fbd0d6776c736a8d9') in 0.022994 seconds 
========================================================================
Received Import Request.
  Time since last request: 0.000030 seconds.
  path: Assets/Models/Scene Objects/ToolBox/textures/DefaultMaterial_AO.jpg
  artifactKey: Guid(7fc05f05771715f4aac4936ac8b9d3e2) Importer(815301076,1909f56bfc062723c751e8b465ee728b)
Start importing Assets/Models/Scene Objects/ToolBox/textures/DefaultMaterial_AO.jpg using Guid(7fc05f05771715f4aac4936ac8b9d3e2) Importer(815301076,1909f56bfc062723c751e8b465ee728b)  -> (artifact id: '43e1d3a15a9887b31487503a8f673512') in 0.022330 seconds 
========================================================================
Received Import Request.
  Time since last request: 0.000025 seconds.
  path: Assets/Models/Scene Objects/ToolBox/textures/SmallBox_metallic.jpg
  artifactKey: Guid(9d065060206dc1248b4b73fd90acb86d) Importer(815301076,1909f56bfc062723c751e8b465ee728b)
Start importing Assets/Models/Scene Objects/ToolBox/textures/SmallBox_metallic.jpg using Guid(9d065060206dc1248b4b73fd90acb86d) Importer(815301076,1909f56bfc062723c751e8b465ee728b)  -> (artifact id: '996d42cee93fd4eb45fff4e613847fb7') in 0.030359 seconds 
========================================================================
Received Import Request.
  Time since last request: 0.000028 seconds.
  path: Assets/Models/Scene Objects/ToolBox/textures/ToolBox_emissive.jpg
  artifactKey: Guid(e9f1a2045d8467a40b3631a7144b1fc0) Importer(815301076,1909f56bfc062723c751e8b465ee728b)
Start importing Assets/Models/Scene Objects/ToolBox/textures/ToolBox_emissive.jpg using Guid(e9f1a2045d8467a40b3631a7144b1fc0) Importer(815301076,1909f56bfc062723c751e8b465ee728b)  -> (artifact id: '3502ec94a1dd9977cf918dd440ceaed0') in 0.021767 seconds 
========================================================================
Received Import Request.
  Time since last request: 0.000034 seconds.
  path: Assets/Models/Scene Objects/ToolBox/textures/internal_ground_ao_texture.jpeg
  artifactKey: Guid(c81f6da85e5b00c419d918710b8df576) Importer(815301076,1909f56bfc062723c751e8b465ee728b)
Start importing Assets/Models/Scene Objects/ToolBox/textures/internal_ground_ao_texture.jpeg using Guid(c81f6da85e5b00c419d918710b8df576) Importer(815301076,1909f56bfc062723c751e8b465ee728b)  -> (artifact id: '226bb4c025451e1c924fd579f3406419') in 0.019024 seconds 
========================================================================
Received Import Request.
  Time since last request: 0.000028 seconds.
  path: Assets/Models/Scene Objects/ToolBox/textures/SmallBox_normal.png
  artifactKey: Guid(080a995b2364658499b5726c411dc8b9) Importer(815301076,1909f56bfc062723c751e8b465ee728b)
Start importing Assets/Models/Scene Objects/ToolBox/textures/SmallBox_normal.png using Guid(080a995b2364658499b5726c411dc8b9) Importer(815301076,1909f56bfc062723c751e8b465ee728b)  -> (artifact id: 'a2359305abad28bda1b81a4385da1ea7') in 0.020808 seconds 
========================================================================
Received Import Request.
  Time since last request: 9.841551 seconds.
  path: Assets/Models/Scene Objects/ToolBox/toolBox_all.fbx
  artifactKey: Guid(376b81335ef30d448a44b8a8a152c315) Importer(815301076,1909f56bfc062723c751e8b465ee728b)
Start importing Assets/Models/Scene Objects/ToolBox/toolBox_all.fbx using Guid(376b81335ef30d448a44b8a8a152c315) Importer(815301076,1909f56bfc062723c751e8b465ee728b)  -> (artifact id: '116e6fa6078bd802be0e9aae95c7e796') in 0.703197 seconds 
========================================================================
Received Import Request.
  Time since last request: 4.309844 seconds.
  path: Assets/Models/Scene Objects/ToolBox/toolBox_all.fbx
  artifactKey: Guid(376b81335ef30d448a44b8a8a152c315) Importer(815301076,1909f56bfc062723c751e8b465ee728b)
Start importing Assets/Models/Scene Objects/ToolBox/toolBox_all.fbx using Guid(376b81335ef30d448a44b8a8a152c315) Importer(815301076,1909f56bfc062723c751e8b465ee728b)  -> (artifact id: 'a4a9bad460a1a0b8d226e4434fd10d6c') in 0.651059 seconds 
========================================================================
Received Import Request.
  Time since last request: 6.802815 seconds.
  path: Assets/Models/Scene Objects/ToolBox/toolBox_all.fbx
  artifactKey: Guid(376b81335ef30d448a44b8a8a152c315) Importer(815301076,1909f56bfc062723c751e8b465ee728b)
Start importing Assets/Models/Scene Objects/ToolBox/toolBox_all.fbx using Guid(376b81335ef30d448a44b8a8a152c315) Importer(815301076,1909f56bfc062723c751e8b465ee728b)  -> (artifact id: 'a9130ed6f9f8f66d76c2f6bbdd6d436e') in 0.611676 seconds 
========================================================================
Received Import Request.
  Time since last request: 3.732346 seconds.
  path: Assets/Models/Scene Objects/ToolBox/textures/CargoCube_cyb.mat
  artifactKey: Guid(200510e7fdc90ac40a9fa13fa30f7195) Importer(815301076,1909f56bfc062723c751e8b465ee728b)
Start importing Assets/Models/Scene Objects/ToolBox/textures/CargoCube_cyb.mat using Guid(200510e7fdc90ac40a9fa13fa30f7195) Importer(815301076,1909f56bfc062723c751e8b465ee728b)  -> (artifact id: 'b220eb33526a7cc08d57ddacd9f87c9e') in 0.022676 seconds 
========================================================================
Received Import Request.
  Time since last request: 0.000036 seconds.
  path: Assets/Models/Scene Objects/ToolBox/textures/SmallBox_med.mat
  artifactKey: Guid(7777665fc76398a498331d2b57a895c2) Importer(815301076,1909f56bfc062723c751e8b465ee728b)
Start importing Assets/Models/Scene Objects/ToolBox/textures/SmallBox_med.mat using Guid(7777665fc76398a498331d2b57a895c2) Importer(815301076,1909f56bfc062723c751e8b465ee728b)  -> (artifact id: 'aed3faadeda8aa6c10282a69969be8b0') in 0.021283 seconds 
========================================================================
Received Import Request.
  Time since last request: 0.000027 seconds.
  path: Assets/Models/Scene Objects/ToolBox/textures/Case_glass_cyb.mat
  artifactKey: Guid(04ef3274d599eb340aefcc198bb9779f) Importer(815301076,1909f56bfc062723c751e8b465ee728b)
Start importing Assets/Models/Scene Objects/ToolBox/textures/Case_glass_cyb.mat using Guid(04ef3274d599eb340aefcc198bb9779f) Importer(815301076,1909f56bfc062723c751e8b465ee728b)  -> (artifact id: 'dd8fae986efb101361e9bb0cb107a156') in 0.023050 seconds 
========================================================================
Received Import Request.
  Time since last request: 0.000029 seconds.
  path: Assets/Models/Scene Objects/ToolBox/textures/Case_main_med.mat
  artifactKey: Guid(91ba0e94e6f4f494c895fa916de5d6d9) Importer(815301076,1909f56bfc062723c751e8b465ee728b)
Start importing Assets/Models/Scene Objects/ToolBox/textures/Case_main_med.mat using Guid(91ba0e94e6f4f494c895fa916de5d6d9) Importer(815301076,1909f56bfc062723c751e8b465ee728b)  -> (artifact id: '7f7f10fb77dad1fdad314317caf0edec') in 0.018502 seconds 
========================================================================
Received Import Request.
  Time since last request: 0.000022 seconds.
  path: Assets/Models/Scene Objects/ToolBox/textures/Case_main_mil.mat
  artifactKey: Guid(a885a72d6233f7d45b95adc8197ca045) Importer(815301076,1909f56bfc062723c751e8b465ee728b)
Start importing Assets/Models/Scene Objects/ToolBox/textures/Case_main_mil.mat using Guid(a885a72d6233f7d45b95adc8197ca045) Importer(815301076,1909f56bfc062723c751e8b465ee728b)  -> (artifact id: 'd29803e3c3ba1392a5c9a0bd67bd2649') in 0.016980 seconds 
========================================================================
Received Import Request.
  Time since last request: 0.000028 seconds.
  path: Assets/Models/Scene Objects/ToolBox/textures/SmallBox_cyb.mat
  artifactKey: Guid(fcb88087c5dd9d04ea63fa9c8a6c63d0) Importer(815301076,1909f56bfc062723c751e8b465ee728b)
Start importing Assets/Models/Scene Objects/ToolBox/textures/SmallBox_cyb.mat using Guid(fcb88087c5dd9d04ea63fa9c8a6c63d0) Importer(815301076,1909f56bfc062723c751e8b465ee728b)  -> (artifact id: '134bc4e995bb503be666fe39ccde1a4a') in 0.021019 seconds 
========================================================================
Received Import Request.
  Time since last request: 0.000027 seconds.
  path: Assets/Models/Scene Objects/ToolBox/textures/MedBox_cyb.mat
  artifactKey: Guid(e785a04a0b617f04fb3db95215a015a0) Importer(815301076,1909f56bfc062723c751e8b465ee728b)
Start importing Assets/Models/Scene Objects/ToolBox/textures/MedBox_cyb.mat using Guid(e785a04a0b617f04fb3db95215a015a0) Importer(815301076,1909f56bfc062723c751e8b465ee728b)  -> (artifact id: '119af20b40adfb00362aa575a5a345f3') in 0.019111 seconds 
========================================================================
Received Import Request.
  Time since last request: 0.000035 seconds.
  path: Assets/Models/Scene Objects/ToolBox/textures/SmallBox_mil.mat
  artifactKey: Guid(9785633f7707f034aa7330f6a3540ca5) Importer(815301076,1909f56bfc062723c751e8b465ee728b)
Start importing Assets/Models/Scene Objects/ToolBox/textures/SmallBox_mil.mat using Guid(9785633f7707f034aa7330f6a3540ca5) Importer(815301076,1909f56bfc062723c751e8b465ee728b)  -> (artifact id: '0bfa0bad6a6018a5436a5c3d28b9dff5') in 0.018583 seconds 
========================================================================
Received Import Request.
  Time since last request: 0.000051 seconds.
  path: Assets/Models/Scene Objects/ToolBox/textures/MedBox_med.mat
  artifactKey: Guid(f18a5afcc5e3fa247a562b2f198139b9) Importer(815301076,1909f56bfc062723c751e8b465ee728b)
Start importing Assets/Models/Scene Objects/ToolBox/textures/MedBox_med.mat using Guid(f18a5afcc5e3fa247a562b2f198139b9) Importer(815301076,1909f56bfc062723c751e8b465ee728b)  -> (artifact id: '386774ebe2e17881e6b0d089fe669675') in 0.018657 seconds 
========================================================================
Received Import Request.
  Time since last request: 0.000030 seconds.
  path: Assets/Models/Scene Objects/ToolBox/textures/Case_grid_mil.mat
  artifactKey: Guid(b5848d57ea25126478c927ec2a3bd2f9) Importer(815301076,1909f56bfc062723c751e8b465ee728b)
Start importing Assets/Models/Scene Objects/ToolBox/textures/Case_grid_mil.mat using Guid(b5848d57ea25126478c927ec2a3bd2f9) Importer(815301076,1909f56bfc062723c751e8b465ee728b)  -> (artifact id: '3bd94b86ae9ffea009d0b48f0c479a72') in 0.021394 seconds 
========================================================================
Received Import Request.
  Time since last request: 0.000027 seconds.
  path: Assets/Models/Scene Objects/ToolBox/textures/Case_main_cyb.mat
  artifactKey: Guid(f422b5130e2a3ee418ec2d21f5809e7f) Importer(815301076,1909f56bfc062723c751e8b465ee728b)
Start importing Assets/Models/Scene Objects/ToolBox/textures/Case_main_cyb.mat using Guid(f422b5130e2a3ee418ec2d21f5809e7f) Importer(815301076,1909f56bfc062723c751e8b465ee728b)  -> (artifact id: '5d231d8342fefcd776917de45fdeb200') in 0.022079 seconds 
========================================================================
Received Import Request.
  Time since last request: 122.173634 seconds.
  path: Assets/Models/Scene Objects/ToolBox/textures/ToolBox_cyb.mat
  artifactKey: Guid(7c38691a3d2ac9f4988eab5e03b3197c) Importer(815301076,1909f56bfc062723c751e8b465ee728b)
Start importing Assets/Models/Scene Objects/ToolBox/textures/ToolBox_cyb.mat using Guid(7c38691a3d2ac9f4988eab5e03b3197c) Importer(815301076,1909f56bfc062723c751e8b465ee728b)  -> (artifact id: 'a549550c7ab8d1df6681e379cdb68170') in 0.023478 seconds 
========================================================================
Received Import Request.
  Time since last request: 230.600202 seconds.
  path: Assets/Models/Scene Objects/Area51Barrel
  artifactKey: Guid(5e7279da427a34d489cb0bb248659281) Importer(815301076,1909f56bfc062723c751e8b465ee728b)
Start importing Assets/Models/Scene Objects/Area51Barrel using Guid(5e7279da427a34d489cb0bb248659281) Importer(815301076,1909f56bfc062723c751e8b465ee728b)  -> (artifact id: '8d3c8a39b90c75c040b1c7db36de5eeb') in 0.006876 seconds 
========================================================================
Received Import Request.
  Time since last request: 10.149289 seconds.
  path: Assets/Models/Scene Objects/Area51Barrel/MyBarrelSketchfab.blend
  artifactKey: Guid(f88884f31df39c043939af4c8783e137) Importer(815301076,1909f56bfc062723c751e8b465ee728b)
Start importing Assets/Models/Scene Objects/Area51Barrel/MyBarrelSketchfab.blend using Guid(f88884f31df39c043939af4c8783e137) Importer(815301076,1909f56bfc062723c751e8b465ee728b)  -> (artifact id: '7f7f9d257202971c479695d8a9978098') in 0.028624 seconds 
========================================================================
Received Import Request.
  Time since last request: 8.978546 seconds.
  path: Assets/Models/Scene Objects/Area51Barrel/MyBarrelSketchfab.blend
  artifactKey: Guid(f88884f31df39c043939af4c8783e137) Importer(815301076,1909f56bfc062723c751e8b465ee728b)
Start importing Assets/Models/Scene Objects/Area51Barrel/MyBarrelSketchfab.blend using Guid(f88884f31df39c043939af4c8783e137) Importer(815301076,1909f56bfc062723c751e8b465ee728b)  -> (artifact id: 'ec6d0b3ae72dad9375b267caff217e4b') in 0.101056 seconds 
========================================================================
Received Import Request.
  Time since last request: 4.182064 seconds.
  path: Assets/Models/Scene Objects/Area51Barrel/MyBarrelSketchfab.blend
  artifactKey: Guid(f88884f31df39c043939af4c8783e137) Importer(815301076,1909f56bfc062723c751e8b465ee728b)
Start importing Assets/Models/Scene Objects/Area51Barrel/MyBarrelSketchfab.blend using Guid(f88884f31df39c043939af4c8783e137) Importer(815301076,1909f56bfc062723c751e8b465ee728b)  -> (artifact id: '7ce44e31b92e5df26e70cc000b3ac25c') in 0.083798 seconds 
========================================================================
Received Import Request.
  Time since last request: 3.500162 seconds.
  path: Assets/Models/Scene Objects/Area51Barrel/textures
  artifactKey: Guid(c357375296552c940a2433bfa56287ff) Importer(815301076,1909f56bfc062723c751e8b465ee728b)
Start importing Assets/Models/Scene Objects/Area51Barrel/textures using Guid(c357375296552c940a2433bfa56287ff) Importer(815301076,1909f56bfc062723c751e8b465ee728b)  -> (artifact id: 'f60b2d3151d800c5e601e4c0cdde243b') in 0.002785 seconds 
========================================================================
Received Import Request.
  Time since last request: 17.688091 seconds.
  path: Assets/Models/Scene Objects/Area51Barrel/textures/Barrel_Diffuse.png
  artifactKey: Guid(062328eb66139bd4a9597dff92114ec2) Importer(815301076,1909f56bfc062723c751e8b465ee728b)
Start importing Assets/Models/Scene Objects/Area51Barrel/textures/Barrel_Diffuse.png using Guid(062328eb66139bd4a9597dff92114ec2) Importer(815301076,1909f56bfc062723c751e8b465ee728b)  -> (artifact id: 'fe72331f789c4e49bbbe620ce61c1007') in 0.024162 seconds 
========================================================================
Received Import Request.
  Time since last request: 0.000033 seconds.
  path: Assets/Models/Scene Objects/Area51Barrel/textures/Barrel_Normal.png
  artifactKey: Guid(82d77879a09ba6941aa1a166ab079a4a) Importer(815301076,1909f56bfc062723c751e8b465ee728b)
Start importing Assets/Models/Scene Objects/Area51Barrel/textures/Barrel_Normal.png using Guid(82d77879a09ba6941aa1a166ab079a4a) Importer(815301076,1909f56bfc062723c751e8b465ee728b)  -> (artifact id: '9b8cfac8e0d8b98886137714007fe84f') in 0.044439 seconds 
========================================================================
Received Import Request.
  Time since last request: 0.000061 seconds.
  path: Assets/Models/Scene Objects/Area51Barrel/textures/Barrel_Roughness_Baked@channels=G.png
  artifactKey: Guid(2799f5323ec38eb4389920d4ce029389) Importer(815301076,1909f56bfc062723c751e8b465ee728b)
Start importing Assets/Models/Scene Objects/Area51Barrel/textures/Barrel_Roughness_Baked@channels=G.png using Guid(2799f5323ec38eb4389920d4ce029389) Importer(815301076,1909f56bfc062723c751e8b465ee728b)  -> (artifact id: '8d80d00e912c5c861b3182e6b9c5daf3') in 0.043127 seconds 
========================================================================
Received Import Request.
  Time since last request: 88.105425 seconds.
  path: Assets/Models/Scene Objects/ChemicalTank
  artifactKey: Guid(bc9842244cb95434f96b16d72d2d74ac) Importer(815301076,1909f56bfc062723c751e8b465ee728b)
Start importing Assets/Models/Scene Objects/ChemicalTank using Guid(bc9842244cb95434f96b16d72d2d74ac) Importer(815301076,1909f56bfc062723c751e8b465ee728b)  -> (artifact id: '2608eef4d5f512c2cc90ae6faeb05d98') in 0.006781 seconds 
========================================================================
Received Import Request.
  Time since last request: 6.523246 seconds.
  path: Assets/Models/Scene Objects/ChemicalTank/chemical tank.fbx
  artifactKey: Guid(4968b1098b1051c4e8583154d695e64f) Importer(815301076,1909f56bfc062723c751e8b465ee728b)
Start importing Assets/Models/Scene Objects/ChemicalTank/chemical tank.fbx using Guid(4968b1098b1051c4e8583154d695e64f) Importer(815301076,1909f56bfc062723c751e8b465ee728b)  -> (artifact id: '0f1950cb14f0ab4d67d3005401466cb0') in 0.047577 seconds 
========================================================================
Received Import Request.
  Time since last request: 4.663467 seconds.
  path: Assets/Models/Scene Objects/ChemicalTank/chemical tank.fbx
  artifactKey: Guid(4968b1098b1051c4e8583154d695e64f) Importer(815301076,1909f56bfc062723c751e8b465ee728b)
Start importing Assets/Models/Scene Objects/ChemicalTank/chemical tank.fbx using Guid(4968b1098b1051c4e8583154d695e64f) Importer(815301076,1909f56bfc062723c751e8b465ee728b)  -> (artifact id: '87e3fa601ba2fb17d301d51b50d203cb') in 0.036401 seconds 
========================================================================
Received Import Request.
  Time since last request: 3.955175 seconds.
  path: Assets/Models/Scene Objects/ChemicalTank/textures
  artifactKey: Guid(d0cd350b1179f64498444471e1271529) Importer(815301076,1909f56bfc062723c751e8b465ee728b)
Start importing Assets/Models/Scene Objects/ChemicalTank/textures using Guid(d0cd350b1179f64498444471e1271529) Importer(815301076,1909f56bfc062723c751e8b465ee728b)  -> (artifact id: '833fdc42cf2dea2509a8b615b977f9ee') in 0.002630 seconds 
========================================================================
Received Import Request.
  Time since last request: 1.112581 seconds.
  path: Assets/Models/Scene Objects/ChemicalTank/textures/TT_checker_1024x1024_UV_GRID_Base_color.jpg
  artifactKey: Guid(034549bc17dbc9542868d1604c66abe4) Importer(815301076,1909f56bfc062723c751e8b465ee728b)
Start importing Assets/Models/Scene Objects/ChemicalTank/textures/TT_checker_1024x1024_UV_GRID_Base_color.jpg using Guid(034549bc17dbc9542868d1604c66abe4) Importer(815301076,1909f56bfc062723c751e8b465ee728b)  -> (artifact id: '37945eaabba2f0966a0bd0def9a1ab1a') in 0.027759 seconds 
========================================================================
Received Import Request.
  Time since last request: 0.000039 seconds.
  path: Assets/Models/Scene Objects/ChemicalTank/textures/TT_checker_1024x1024_UV_GRID_Roughness.jpg
  artifactKey: Guid(0828e25435fb2884abdbac6db21b3712) Importer(815301076,1909f56bfc062723c751e8b465ee728b)
Start importing Assets/Models/Scene Objects/ChemicalTank/textures/TT_checker_1024x1024_UV_GRID_Roughness.jpg using Guid(0828e25435fb2884abdbac6db21b3712) Importer(815301076,1909f56bfc062723c751e8b465ee728b)  -> (artifact id: '143763828a2aa9e8c7e8009ef6905f20') in 0.021508 seconds 
========================================================================
Received Import Request.
  Time since last request: 0.000056 seconds.
  path: Assets/Models/Scene Objects/ChemicalTank/textures/TT_checker_1024x1024_UV_GRID_Normal.jpg
  artifactKey: Guid(67ed2e4a5f659dc4bab29170711a78e9) Importer(815301076,1909f56bfc062723c751e8b465ee728b)
Start importing Assets/Models/Scene Objects/ChemicalTank/textures/TT_checker_1024x1024_UV_GRID_Normal.jpg using Guid(67ed2e4a5f659dc4bab29170711a78e9) Importer(815301076,1909f56bfc062723c751e8b465ee728b)  -> (artifact id: 'fffef9d00c0be5e613f53a0a8afbd885') in 0.042914 seconds 
========================================================================
Received Import Request.
  Time since last request: 0.000037 seconds.
  path: Assets/Models/Scene Objects/ChemicalTank/textures/TT_checker_1024x1024_UV_GRID_Mixed_AO.jpg
  artifactKey: Guid(f79decc81442e264d9ca704e9acf2491) Importer(815301076,1909f56bfc062723c751e8b465ee728b)
Start importing Assets/Models/Scene Objects/ChemicalTank/textures/TT_checker_1024x1024_UV_GRID_Mixed_AO.jpg using Guid(f79decc81442e264d9ca704e9acf2491) Importer(815301076,1909f56bfc062723c751e8b465ee728b)  -> (artifact id: 'b82d7ccea8385927d3f7fad14c59ebc7') in 0.020355 seconds 
Editor requested this worker to shutdown with reason: Scaling down because of idle timeout
AssetImportWorker is now disconnected from the server
Process exiting
Exiting without the bug reporter. Application will terminate with return code 0